[-2752649ms] [WARNING] [SqlTypeService] No Monaco model found for URI: file:///u/admin/new_flow/g.ts @ http://localhost:5177/node_modules/@sveltejs/kit/src/runtime/client/client.js?v=49af9bc2:3207
[-2749771ms] [WARNING] %c[svelte] state_snapshot_uncloneable
%cThe following properties cannot be cloned with `$state.snapshot` — the return value contains the originals:

- <value>[0].data.eventHandlers.deleteBranch
- <value>[0].data.eventHandlers.insert
- <value>[0].data.eventHandlers.select
- <value>[0].data.eventHandlers.changeId
- <value>[0].data.eventHandlers.delete
- <value>[0].data.eventHandlers.newBranch
- <value>[0].data.eventHandlers.move
- ...and 31 more
https://svelte.dev/e/state_snapshot_uncloneable font-weight: bold font-weight: normal @ http://localhost:5177/node_modules/@sveltejs/kit/src/runtime/client/client.js?v=49af9bc2:3207
[-2749740ms] [WARNING] %c[svelte] state_snapshot_uncloneable
%cThe following properties cannot be cloned with `$state.snapshot` — the return value contains the originals:

- <value>[0].data.eventHandlers.deleteBranch
- <value>[0].data.eventHandlers.insert
- <value>[0].data.eventHandlers.select
- <value>[0].data.eventHandlers.changeId
- <value>[0].data.eventHandlers.delete
- <value>[0].data.eventHandlers.newBranch
- <value>[0].data.eventHandlers.move
- ...and 12 more
https://svelte.dev/e/state_snapshot_uncloneable font-weight: bold font-weight: normal @ http://localhost:5177/node_modules/@sveltejs/kit/src/runtime/client/client.js?v=49af9bc2:3207
[-2749731ms] [WARNING] %c[svelte] ownership_invalid_binding
%csrc/lib/components/InputTransformSchemaForm.svelte passed property `schema` to src/lib/components/InputTransformForm.svelte with `bind:`, but its parent component node_modules/svelte-splitpanes/dist/Pane.svelte did not declare `schema` as a binding. Consider creating a binding between node_modules/svelte-splitpanes/dist/Pane.svelte and src/lib/components/InputTransformSchemaForm.svelte (e.g. `bind:schema={...}` instead of `schema={...}`)
https://svelte.dev/e/ownership_invalid_binding font-weight: bold font-weight: normal @ http://localhost:5177/node_modules/@sveltejs/kit/src/runtime/client/client.js?v=49af9bc2:3207
[-2749724ms] [WARNING] Splitpanes: Could not resize panes correctly due to their constraints. @ http://localhost:5177/node_modules/@sveltejs/kit/src/runtime/client/client.js?v=49af9bc2:3207
[-2749723ms] [WARNING] %c[svelte] state_snapshot_uncloneable
%cThe following properties cannot be cloned with `$state.snapshot` — the return value contains the originals:

- <value>[0].data.eventHandlers.deleteBranch
- <value>[0].data.eventHandlers.insert
- <value>[0].data.eventHandlers.select
- <value>[0].data.eventHandlers.changeId
- <value>[0].data.eventHandlers.delete
- <value>[0].data.eventHandlers.newBranch
- <value>[0].data.eventHandlers.move
- ...and 12 more
https://svelte.dev/e/state_snapshot_uncloneable font-weight: bold font-weight: normal @ http://localhost:5177/node_modules/@sveltejs/kit/src/runtime/client/client.js?v=49af9bc2:3207
[-2747673ms] [WARNING] %c[svelte] binding_property_non_reactive
%c`bind:value={args[argName]}` (src/lib/components/SchemaForm.svelte:269:9) is binding to a non-reactive property
https://svelte.dev/e/binding_property_non_reactive font-weight: bold font-weight: normal @ http://localhost:5177/node_modules/@sveltejs/kit/src/runtime/client/client.js?v=49af9bc2:3207
[-2747655ms] [WARNING] %c[svelte] binding_property_non_reactive
%c`bind:value={args[argName]}` (src/lib/components/SchemaForm.svelte:269:9) is binding to a non-reactive property
https://svelte.dev/e/binding_property_non_reactive font-weight: bold font-weight: normal @ http://localhost:5177/node_modules/@sveltejs/kit/src/runtime/client/client.js?v=49af9bc2:3207
[-2747654ms] [WARNING] %c[svelte] binding_property_non_reactive
%c`bind:value={args[argName]}` (src/lib/components/SchemaForm.svelte:269:9) is binding to a non-reactive property
https://svelte.dev/e/binding_property_non_reactive font-weight: bold font-weight: normal @ http://localhost:5177/node_modules/@sveltejs/kit/src/runtime/client/client.js?v=49af9bc2:3207
[-2747637ms] [WARNING] %c[svelte] state_snapshot_uncloneable
%cThe following properties cannot be cloned with `$state.snapshot` — the return value contains the originals:

- <value>[0].data.eventHandlers.deleteBranch
- <value>[0].data.eventHandlers.insert
- <value>[0].data.eventHandlers.select
- <value>[0].data.eventHandlers.changeId
- <value>[0].data.eventHandlers.delete
- <value>[0].data.eventHandlers.newBranch
- <value>[0].data.eventHandlers.move
- ...and 12 more
https://svelte.dev/e/state_snapshot_uncloneable font-weight: bold font-weight: normal @ http://localhost:5177/node_modules/@sveltejs/kit/src/runtime/client/client.js?v=49af9bc2:3207
[-2747633ms] [WARNING] Splitpanes: Could not resize panes correctly due to their constraints. @ http://localhost:5177/node_modules/@sveltejs/kit/src/runtime/client/client.js?v=49af9bc2:3207
[-2747563ms] [WARNING] %c[svelte] state_snapshot_uncloneable
%cThe following properties cannot be cloned with `$state.snapshot` — the return value contains the originals:

- <value>[0].data.eventHandlers.deleteBranch
- <value>[0].data.eventHandlers.insert
- <value>[0].data.eventHandlers.select
- <value>[0].data.eventHandlers.changeId
- <value>[0].data.eventHandlers.delete
- <value>[0].data.eventHandlers.newBranch
- <value>[0].data.eventHandlers.move
- ...and 12 more
https://svelte.dev/e/state_snapshot_uncloneable font-weight: bold font-weight: normal @ http://localhost:5177/node_modules/@sveltejs/kit/src/runtime/client/client.js?v=49af9bc2:3207
[-2747558ms] [WARNING] %c[svelte] state_snapshot_uncloneable
%cThe following properties cannot be cloned with `$state.snapshot` — the return value contains the originals:

- <value>[0].data.eventHandlers.deleteBranch
- <value>[0].data.eventHandlers.insert
- <value>[0].data.eventHandlers.select
- <value>[0].data.eventHandlers.changeId
- <value>[0].data.eventHandlers.delete
- <value>[0].data.eventHandlers.newBranch
- <value>[0].data.eventHandlers.move
- ...and 31 more
https://svelte.dev/e/state_snapshot_uncloneable font-weight: bold font-weight: normal @ http://localhost:5177/node_modules/@sveltejs/kit/src/runtime/client/client.js?v=49af9bc2:3207
[-2745120ms] [WARNING] %c[svelte] ownership_invalid_mutation
%cMutating unbound props (`flowStore`, at src/​lib/​components/​FlowBuilder.svelte:541:4) is strongly discouraged. Consider using `bind:flowStore={...}` in src/routes/(root)/(logged)/flows/edit/[...path]/+page.svelte (or using a callback) instead
https://svelte.dev/e/ownership_invalid_mutation font-weight: bold font-weight: normal @ http://localhost:5177/node_modules/@sveltejs/kit/src/runtime/client/client.js?v=49af9bc2:3207
[-2700492ms] [WARNING] The Web Worker Extension Host did not start in 60s, that might be a problem. @ http://localhost:5177/node_modules/@sveltejs/kit/src/runtime/client/client.js?v=49af9bc2:3207
[ -991051ms] [WARNING] %c[svelte] state_snapshot_uncloneable
%cThe following properties cannot be cloned with `$state.snapshot` — the return value contains the originals:

- <value>[0].data.eventHandlers.deleteBranch
- <value>[0].data.eventHandlers.insert
- <value>[0].data.eventHandlers.select
- <value>[0].data.eventHandlers.changeId
- <value>[0].data.eventHandlers.delete
- <value>[0].data.eventHandlers.newBranch
- <value>[0].data.eventHandlers.move
- ...and 31 more
https://svelte.dev/e/state_snapshot_uncloneable font-weight: bold font-weight: normal @ http://localhost:5177/node_modules/@sveltejs/kit/src/runtime/client/client.js?v=49af9bc2:3207
[ -990722ms] [WARNING] %c[svelte] state_snapshot_uncloneable
%cThe following properties cannot be cloned with `$state.snapshot` — the return value contains the originals:

- <value>[0].data.eventHandlers.deleteBranch
- <value>[0].data.eventHandlers.insert
- <value>[0].data.eventHandlers.select
- <value>[0].data.eventHandlers.changeId
- <value>[0].data.eventHandlers.delete
- <value>[0].data.eventHandlers.newBranch
- <value>[0].data.eventHandlers.move
- ...and 31 more
https://svelte.dev/e/state_snapshot_uncloneable font-weight: bold font-weight: normal @ http://localhost:5177/node_modules/@sveltejs/kit/src/runtime/client/client.js?v=49af9bc2:3207
[ -990718ms] [WARNING] %c[svelte] state_snapshot_uncloneable
%cThe following properties cannot be cloned with `$state.snapshot` — the return value contains the originals:

- <value>[0].data.eventHandlers.deleteBranch
- <value>[0].data.eventHandlers.insert
- <value>[0].data.eventHandlers.select
- <value>[0].data.eventHandlers.changeId
- <value>[0].data.eventHandlers.delete
- <value>[0].data.eventHandlers.newBranch
- <value>[0].data.eventHandlers.move
- ...and 50 more
https://svelte.dev/e/state_snapshot_uncloneable font-weight: bold font-weight: normal @ http://localhost:5177/node_modules/@sveltejs/kit/src/runtime/client/client.js?v=49af9bc2:3207
[ -985229ms] [WARNING] %c[svelte] state_snapshot_uncloneable
%cThe following properties cannot be cloned with `$state.snapshot` — the return value contains the originals:

- <value>[0].data.eventHandlers.deleteBranch
- <value>[0].data.eventHandlers.insert
- <value>[0].data.eventHandlers.select
- <value>[0].data.eventHandlers.changeId
- <value>[0].data.eventHandlers.delete
- <value>[0].data.eventHandlers.newBranch
- <value>[0].data.eventHandlers.move
- ...and 50 more
https://svelte.dev/e/state_snapshot_uncloneable font-weight: bold font-weight: normal @ http://localhost:5177/node_modules/@sveltejs/kit/src/runtime/client/client.js?v=49af9bc2:3207
[ -985069ms] [WARNING] %c[svelte] state_snapshot_uncloneable
%cThe following properties cannot be cloned with `$state.snapshot` — the return value contains the originals:

- <value>[0].data.eventHandlers.deleteBranch
- <value>[0].data.eventHandlers.insert
- <value>[0].data.eventHandlers.select
- <value>[0].data.eventHandlers.changeId
- <value>[0].data.eventHandlers.delete
- <value>[0].data.eventHandlers.newBranch
- <value>[0].data.eventHandlers.move
- ...and 50 more
https://svelte.dev/e/state_snapshot_uncloneable font-weight: bold font-weight: normal @ http://localhost:5177/node_modules/@sveltejs/kit/src/runtime/client/client.js?v=49af9bc2:3207
[ -985064ms] [WARNING] %c[svelte] state_snapshot_uncloneable
%cThe following properties cannot be cloned with `$state.snapshot` — the return value contains the originals:

- <value>[0].data.eventHandlers.deleteBranch
- <value>[0].data.eventHandlers.insert
- <value>[0].data.eventHandlers.select
- <value>[0].data.eventHandlers.changeId
- <value>[0].data.eventHandlers.delete
- <value>[0].data.eventHandlers.newBranch
- <value>[0].data.eventHandlers.move
- ...and 69 more
https://svelte.dev/e/state_snapshot_uncloneable font-weight: bold font-weight: normal @ http://localhost:5177/node_modules/@sveltejs/kit/src/runtime/client/client.js?v=49af9bc2:3207
[ -966743ms] [WARNING] %c[svelte] state_snapshot_uncloneable
%cThe following properties cannot be cloned with `$state.snapshot` — the return value contains the originals:

- <value>[0].data.eventHandlers.deleteBranch
- <value>[0].data.eventHandlers.insert
- <value>[0].data.eventHandlers.select
- <value>[0].data.eventHandlers.changeId
- <value>[0].data.eventHandlers.delete
- <value>[0].data.eventHandlers.newBranch
- <value>[0].data.eventHandlers.move
- ...and 50 more
https://svelte.dev/e/state_snapshot_uncloneable font-weight: bold font-weight: normal @ http://localhost:5177/node_modules/@sveltejs/kit/src/runtime/client/client.js?v=49af9bc2:3207
[ -961627ms] [WARNING] %c[svelte] state_snapshot_uncloneable
%cThe following properties cannot be cloned with `$state.snapshot` — the return value contains the originals:

- <value>[0].data.eventHandlers.deleteBranch
- <value>[0].data.eventHandlers.insert
- <value>[0].data.eventHandlers.select
- <value>[0].data.eventHandlers.changeId
- <value>[0].data.eventHandlers.delete
- <value>[0].data.eventHandlers.newBranch
- <value>[0].data.eventHandlers.move
- ...and 12 more
https://svelte.dev/e/state_snapshot_uncloneable font-weight: bold font-weight: normal @ http://localhost:5177/node_modules/@sveltejs/kit/src/runtime/client/client.js?v=49af9bc2:3207
[ -961611ms] [WARNING] %c[svelte] ownership_invalid_binding
%csrc/lib/components/InputTransformSchemaForm.svelte passed property `schema` to src/lib/components/InputTransformForm.svelte with `bind:`, but its parent component node_modules/svelte-splitpanes/dist/Pane.svelte did not declare `schema` as a binding. Consider creating a binding between node_modules/svelte-splitpanes/dist/Pane.svelte and src/lib/components/InputTransformSchemaForm.svelte (e.g. `bind:schema={...}` instead of `schema={...}`)
https://svelte.dev/e/ownership_invalid_binding font-weight: bold font-weight: normal @ http://localhost:5177/node_modules/@sveltejs/kit/src/runtime/client/client.js?v=49af9bc2:3207
[ -961590ms] [WARNING] Splitpanes: Could not resize panes correctly due to their constraints. @ http://localhost:5177/node_modules/@sveltejs/kit/src/runtime/client/client.js?v=49af9bc2:3207
[ -961588ms] [WARNING] %c[svelte] state_snapshot_uncloneable
%cThe following properties cannot be cloned with `$state.snapshot` — the return value contains the originals:

- <value>[0].data.eventHandlers.deleteBranch
- <value>[0].data.eventHandlers.insert
- <value>[0].data.eventHandlers.select
- <value>[0].data.eventHandlers.changeId
- <value>[0].data.eventHandlers.delete
- <value>[0].data.eventHandlers.newBranch
- <value>[0].data.eventHandlers.move
- ...and 12 more
https://svelte.dev/e/state_snapshot_uncloneable font-weight: bold font-weight: normal @ http://localhost:5177/node_modules/@sveltejs/kit/src/runtime/client/client.js?v=49af9bc2:3207
[ -961572ms] [WARNING] %c[svelte] state_snapshot_uncloneable
%cThe following properties cannot be cloned with `$state.snapshot` — the return value contains the originals:

- <value>[0].data.eventHandlers.deleteBranch
- <value>[0].data.eventHandlers.insert
- <value>[0].data.eventHandlers.select
- <value>[0].data.eventHandlers.changeId
- <value>[0].data.eventHandlers.delete
- <value>[0].data.eventHandlers.newBranch
- <value>[0].data.eventHandlers.move
- ...and 12 more
https://svelte.dev/e/state_snapshot_uncloneable font-weight: bold font-weight: normal @ http://localhost:5177/node_modules/@sveltejs/kit/src/runtime/client/client.js?v=49af9bc2:3207
[ -961550ms] [WARNING] %c[svelte] state_snapshot_uncloneable
%cThe following properties cannot be cloned with `$state.snapshot` — the return value contains the originals:

- <value>[0].data.eventHandlers.deleteBranch
- <value>[0].data.eventHandlers.insert
- <value>[0].data.eventHandlers.select
- <value>[0].data.eventHandlers.changeId
- <value>[0].data.eventHandlers.delete
- <value>[0].data.eventHandlers.newBranch
- <value>[0].data.eventHandlers.move
- ...and 50 more
https://svelte.dev/e/state_snapshot_uncloneable font-weight: bold font-weight: normal @ http://localhost:5177/node_modules/@sveltejs/kit/src/runtime/client/client.js?v=49af9bc2:3207
[ -955661ms] [WARNING] %c[svelte] state_snapshot_uncloneable
%cThe following properties cannot be cloned with `$state.snapshot` — the return value contains the originals:

- <value>[0].data.eventHandlers.deleteBranch
- <value>[0].data.eventHandlers.insert
- <value>[0].data.eventHandlers.select
- <value>[0].data.eventHandlers.changeId
- <value>[0].data.eventHandlers.delete
- <value>[0].data.eventHandlers.newBranch
- <value>[0].data.eventHandlers.move
- ...and 31 more
https://svelte.dev/e/state_snapshot_uncloneable font-weight: bold font-weight: normal @ http://localhost:5177/node_modules/@sveltejs/kit/src/runtime/client/client.js?v=49af9bc2:3207
[ -955401ms] [WARNING] %c[svelte] state_snapshot_uncloneable
%cThe following properties cannot be cloned with `$state.snapshot` — the return value contains the originals:

- <value>[0].data.eventHandlers.deleteBranch
- <value>[0].data.eventHandlers.insert
- <value>[0].data.eventHandlers.select
- <value>[0].data.eventHandlers.changeId
- <value>[0].data.eventHandlers.delete
- <value>[0].data.eventHandlers.newBranch
- <value>[0].data.eventHandlers.move
- ...and 31 more
https://svelte.dev/e/state_snapshot_uncloneable font-weight: bold font-weight: normal @ http://localhost:5177/node_modules/@sveltejs/kit/src/runtime/client/client.js?v=49af9bc2:3207
[ -955398ms] [WARNING] %c[svelte] state_snapshot_uncloneable
%cThe following properties cannot be cloned with `$state.snapshot` — the return value contains the originals:

- <value>[0].data.eventHandlers.deleteBranch
- <value>[0].data.eventHandlers.insert
- <value>[0].data.eventHandlers.select
- <value>[0].data.eventHandlers.changeId
- <value>[0].data.eventHandlers.delete
- <value>[0].data.eventHandlers.newBranch
- <value>[0].data.eventHandlers.move
- ...and 50 more
https://svelte.dev/e/state_snapshot_uncloneable font-weight: bold font-weight: normal @ http://localhost:5177/node_modules/@sveltejs/kit/src/runtime/client/client.js?v=49af9bc2:3207
[ -950488ms] [WARNING] %c[svelte] state_snapshot_uncloneable
%cThe following properties cannot be cloned with `$state.snapshot` — the return value contains the originals:

- <value>[0].data.eventHandlers.deleteBranch
- <value>[0].data.eventHandlers.insert
- <value>[0].data.eventHandlers.select
- <value>[0].data.eventHandlers.changeId
- <value>[0].data.eventHandlers.delete
- <value>[0].data.eventHandlers.newBranch
- <value>[0].data.eventHandlers.move
- ...and 31 more
https://svelte.dev/e/state_snapshot_uncloneable font-weight: bold font-weight: normal @ http://localhost:5177/node_modules/@sveltejs/kit/src/runtime/client/client.js?v=49af9bc2:3207
[ -950477ms] [WARNING] %c[svelte] state_snapshot_uncloneable
%cThe following properties cannot be cloned with `$state.snapshot` — the return value contains the originals:

- <value>[0].data.eventHandlers.deleteBranch
- <value>[0].data.eventHandlers.insert
- <value>[0].data.eventHandlers.select
- <value>[0].data.eventHandlers.changeId
- <value>[0].data.eventHandlers.delete
- <value>[0].data.eventHandlers.newBranch
- <value>[0].data.eventHandlers.move
- ...and 31 more
https://svelte.dev/e/state_snapshot_uncloneable font-weight: bold font-weight: normal @ http://localhost:5177/node_modules/@sveltejs/kit/src/runtime/client/client.js?v=49af9bc2:3207
[ -950474ms] [WARNING] %c[svelte] state_snapshot_uncloneable
%cThe following properties cannot be cloned with `$state.snapshot` — the return value contains the originals:

- <value>[0].data.eventHandlers.deleteBranch
- <value>[0].data.eventHandlers.insert
- <value>[0].data.eventHandlers.select
- <value>[0].data.eventHandlers.changeId
- <value>[0].data.eventHandlers.delete
- <value>[0].data.eventHandlers.newBranch
- <value>[0].data.eventHandlers.move
- ...and 50 more
https://svelte.dev/e/state_snapshot_uncloneable font-weight: bold font-weight: normal @ http://localhost:5177/node_modules/@sveltejs/kit/src/runtime/client/client.js?v=49af9bc2:3207
[ -950128ms] [WARNING] %c[svelte] state_snapshot_uncloneable
%cThe following properties cannot be cloned with `$state.snapshot` — the return value contains the originals:

- <value>[0].data.eventHandlers.deleteBranch
- <value>[0].data.eventHandlers.insert
- <value>[0].data.eventHandlers.select
- <value>[0].data.eventHandlers.changeId
- <value>[0].data.eventHandlers.delete
- <value>[0].data.eventHandlers.newBranch
- <value>[0].data.eventHandlers.move
- ...and 50 more
https://svelte.dev/e/state_snapshot_uncloneable font-weight: bold font-weight: normal @ http://localhost:5177/node_modules/@sveltejs/kit/src/runtime/client/client.js?v=49af9bc2:3207
[ -950122ms] [WARNING] %c[svelte] state_snapshot_uncloneable
%cThe following properties cannot be cloned with `$state.snapshot` — the return value contains the originals:

- <value>[0].data.eventHandlers.deleteBranch
- <value>[0].data.eventHandlers.insert
- <value>[0].data.eventHandlers.select
- <value>[0].data.eventHandlers.changeId
- <value>[0].data.eventHandlers.delete
- <value>[0].data.eventHandlers.newBranch
- <value>[0].data.eventHandlers.move
- ...and 69 more
https://svelte.dev/e/state_snapshot_uncloneable font-weight: bold font-weight: normal @ http://localhost:5177/node_modules/@sveltejs/kit/src/runtime/client/client.js?v=49af9bc2:3207
[ -939495ms] [WARNING] %c[svelte] state_snapshot_uncloneable
%cThe following properties cannot be cloned with `$state.snapshot` — the return value contains the originals:

- <value>[0].data.eventHandlers.deleteBranch
- <value>[0].data.eventHandlers.insert
- <value>[0].data.eventHandlers.select
- <value>[0].data.eventHandlers.changeId
- <value>[0].data.eventHandlers.delete
- <value>[0].data.eventHandlers.newBranch
- <value>[0].data.eventHandlers.move
- ...and 50 more
https://svelte.dev/e/state_snapshot_uncloneable font-weight: bold font-weight: normal @ http://localhost:5177/node_modules/@sveltejs/kit/src/runtime/client/client.js?v=49af9bc2:3207
[ -939465ms] [WARNING] %c[svelte] state_snapshot_uncloneable
%cThe following properties cannot be cloned with `$state.snapshot` — the return value contains the originals:

- <value>[0].data.eventHandlers.deleteBranch
- <value>[0].data.eventHandlers.insert
- <value>[0].data.eventHandlers.select
- <value>[0].data.eventHandlers.changeId
- <value>[0].data.eventHandlers.delete
- <value>[0].data.eventHandlers.newBranch
- <value>[0].data.eventHandlers.move
- ...and 50 more
https://svelte.dev/e/state_snapshot_uncloneable font-weight: bold font-weight: normal @ http://localhost:5177/node_modules/@sveltejs/kit/src/runtime/client/client.js?v=49af9bc2:3207
[ -939460ms] [WARNING] %c[svelte] state_snapshot_uncloneable
%cThe following properties cannot be cloned with `$state.snapshot` — the return value contains the originals:

- <value>[0].data.eventHandlers.deleteBranch
- <value>[0].data.eventHandlers.insert
- <value>[0].data.eventHandlers.select
- <value>[0].data.eventHandlers.changeId
- <value>[0].data.eventHandlers.delete
- <value>[0].data.eventHandlers.newBranch
- <value>[0].data.eventHandlers.move
- ...and 69 more
https://svelte.dev/e/state_snapshot_uncloneable font-weight: bold font-weight: normal @ http://localhost:5177/node_modules/@sveltejs/kit/src/runtime/client/client.js?v=49af9bc2:3207
[ -932984ms] [WARNING] %c[svelte] state_snapshot_uncloneable
%cThe following properties cannot be cloned with `$state.snapshot` — the return value contains the originals:

- <value>[0].data.eventHandlers.deleteBranch
- <value>[0].data.eventHandlers.insert
- <value>[0].data.eventHandlers.select
- <value>[0].data.eventHandlers.changeId
- <value>[0].data.eventHandlers.delete
- <value>[0].data.eventHandlers.newBranch
- <value>[0].data.eventHandlers.move
- ...and 12 more
https://svelte.dev/e/state_snapshot_uncloneable font-weight: bold font-weight: normal @ http://localhost:5177/node_modules/@sveltejs/kit/src/runtime/client/client.js?v=49af9bc2:3207
[ -932977ms] [WARNING] %c[svelte] ownership_invalid_binding
%csrc/lib/components/InputTransformSchemaForm.svelte passed property `schema` to src/lib/components/InputTransformForm.svelte with `bind:`, but its parent component node_modules/svelte-splitpanes/dist/Pane.svelte did not declare `schema` as a binding. Consider creating a binding between node_modules/svelte-splitpanes/dist/Pane.svelte and src/lib/components/InputTransformSchemaForm.svelte (e.g. `bind:schema={...}` instead of `schema={...}`)
https://svelte.dev/e/ownership_invalid_binding font-weight: bold font-weight: normal @ http://localhost:5177/node_modules/@sveltejs/kit/src/runtime/client/client.js?v=49af9bc2:3207
[ -932969ms] [WARNING] Splitpanes: Could not resize panes correctly due to their constraints. @ http://localhost:5177/node_modules/@sveltejs/kit/src/runtime/client/client.js?v=49af9bc2:3207
[ -932967ms] [WARNING] %c[svelte] state_snapshot_uncloneable
%cThe following properties cannot be cloned with `$state.snapshot` — the return value contains the originals:

- <value>[0].data.eventHandlers.deleteBranch
- <value>[0].data.eventHandlers.insert
- <value>[0].data.eventHandlers.select
- <value>[0].data.eventHandlers.changeId
- <value>[0].data.eventHandlers.delete
- <value>[0].data.eventHandlers.newBranch
- <value>[0].data.eventHandlers.move
- ...and 12 more
https://svelte.dev/e/state_snapshot_uncloneable font-weight: bold font-weight: normal @ http://localhost:5177/node_modules/@sveltejs/kit/src/runtime/client/client.js?v=49af9bc2:3207
[ -932958ms] [WARNING] %c[svelte] state_snapshot_uncloneable
%cThe following properties cannot be cloned with `$state.snapshot` — the return value contains the originals:

- <value>[0].data.eventHandlers.deleteBranch
- <value>[0].data.eventHandlers.insert
- <value>[0].data.eventHandlers.select
- <value>[0].data.eventHandlers.changeId
- <value>[0].data.eventHandlers.delete
- <value>[0].data.eventHandlers.newBranch
- <value>[0].data.eventHandlers.move
- ...and 12 more
https://svelte.dev/e/state_snapshot_uncloneable font-weight: bold font-weight: normal @ http://localhost:5177/node_modules/@sveltejs/kit/src/runtime/client/client.js?v=49af9bc2:3207
[ -932948ms] [WARNING] %c[svelte] state_snapshot_uncloneable
%cThe following properties cannot be cloned with `$state.snapshot` — the return value contains the originals:

- <value>[0].data.eventHandlers.deleteBranch
- <value>[0].data.eventHandlers.insert
- <value>[0].data.eventHandlers.select
- <value>[0].data.eventHandlers.changeId
- <value>[0].data.eventHandlers.delete
- <value>[0].data.eventHandlers.newBranch
- <value>[0].data.eventHandlers.move
- ...and 31 more
https://svelte.dev/e/state_snapshot_uncloneable font-weight: bold font-weight: normal @ http://localhost:5177/node_modules/@sveltejs/kit/src/runtime/client/client.js?v=49af9bc2:3207
[ -932763ms] [WARNING] %c[svelte] state_snapshot_uncloneable
%cThe following properties cannot be cloned with `$state.snapshot` — the return value contains the originals:

- <value>[0].data.eventHandlers.deleteBranch
- <value>[0].data.eventHandlers.insert
- <value>[0].data.eventHandlers.select
- <value>[0].data.eventHandlers.changeId
- <value>[0].data.eventHandlers.delete
- <value>[0].data.eventHandlers.newBranch
- <value>[0].data.eventHandlers.move
- ...and 31 more
https://svelte.dev/e/state_snapshot_uncloneable font-weight: bold font-weight: normal @ http://localhost:5177/node_modules/@sveltejs/kit/src/runtime/client/client.js?v=49af9bc2:3207
[ -932759ms] [WARNING] %c[svelte] state_snapshot_uncloneable
%cThe following properties cannot be cloned with `$state.snapshot` — the return value contains the originals:

- <value>[0].data.eventHandlers.deleteBranch
- <value>[0].data.eventHandlers.insert
- <value>[0].data.eventHandlers.select
- <value>[0].data.eventHandlers.changeId
- <value>[0].data.eventHandlers.delete
- <value>[0].data.eventHandlers.newBranch
- <value>[0].data.eventHandlers.move
- ...and 50 more
https://svelte.dev/e/state_snapshot_uncloneable font-weight: bold font-weight: normal @ http://localhost:5177/node_modules/@sveltejs/kit/src/runtime/client/client.js?v=49af9bc2:3207
[ -927483ms] [WARNING] %c[svelte] state_snapshot_uncloneable
%cThe following properties cannot be cloned with `$state.snapshot` — the return value contains the originals:

- <value>[0].data.eventHandlers.deleteBranch
- <value>[0].data.eventHandlers.insert
- <value>[0].data.eventHandlers.select
- <value>[0].data.eventHandlers.changeId
- <value>[0].data.eventHandlers.delete
- <value>[0].data.eventHandlers.newBranch
- <value>[0].data.eventHandlers.move
- ...and 12 more
https://svelte.dev/e/state_snapshot_uncloneable font-weight: bold font-weight: normal @ http://localhost:5177/node_modules/@sveltejs/kit/src/runtime/client/client.js?v=49af9bc2:3207
[ -927477ms] [WARNING] %c[svelte] ownership_invalid_binding
%csrc/lib/components/InputTransformSchemaForm.svelte passed property `schema` to src/lib/components/InputTransformForm.svelte with `bind:`, but its parent component node_modules/svelte-splitpanes/dist/Pane.svelte did not declare `schema` as a binding. Consider creating a binding between node_modules/svelte-splitpanes/dist/Pane.svelte and src/lib/components/InputTransformSchemaForm.svelte (e.g. `bind:schema={...}` instead of `schema={...}`)
https://svelte.dev/e/ownership_invalid_binding font-weight: bold font-weight: normal @ http://localhost:5177/node_modules/@sveltejs/kit/src/runtime/client/client.js?v=49af9bc2:3207
[ -927469ms] [WARNING] Splitpanes: Could not resize panes correctly due to their constraints. @ http://localhost:5177/node_modules/@sveltejs/kit/src/runtime/client/client.js?v=49af9bc2:3207
[ -927466ms] [WARNING] %c[svelte] state_snapshot_uncloneable
%cThe following properties cannot be cloned with `$state.snapshot` — the return value contains the originals:

- <value>[0].data.eventHandlers.deleteBranch
- <value>[0].data.eventHandlers.insert
- <value>[0].data.eventHandlers.select
- <value>[0].data.eventHandlers.changeId
- <value>[0].data.eventHandlers.delete
- <value>[0].data.eventHandlers.newBranch
- <value>[0].data.eventHandlers.move
- ...and 12 more
https://svelte.dev/e/state_snapshot_uncloneable font-weight: bold font-weight: normal @ http://localhost:5177/node_modules/@sveltejs/kit/src/runtime/client/client.js?v=49af9bc2:3207
[ -927453ms] [WARNING] %c[svelte] state_snapshot_uncloneable
%cThe following properties cannot be cloned with `$state.snapshot` — the return value contains the originals:

- <value>[0].data.eventHandlers.deleteBranch
- <value>[0].data.eventHandlers.insert
- <value>[0].data.eventHandlers.select
- <value>[0].data.eventHandlers.changeId
- <value>[0].data.eventHandlers.delete
- <value>[0].data.eventHandlers.newBranch
- <value>[0].data.eventHandlers.move
- ...and 12 more
https://svelte.dev/e/state_snapshot_uncloneable font-weight: bold font-weight: normal @ http://localhost:5177/node_modules/@sveltejs/kit/src/runtime/client/client.js?v=49af9bc2:3207
[ -927444ms] [WARNING] %c[svelte] state_snapshot_uncloneable
%cThe following properties cannot be cloned with `$state.snapshot` — the return value contains the originals:

- <value>[0].data.eventHandlers.deleteBranch
- <value>[0].data.eventHandlers.insert
- <value>[0].data.eventHandlers.select
- <value>[0].data.eventHandlers.changeId
- <value>[0].data.eventHandlers.delete
- <value>[0].data.eventHandlers.newBranch
- <value>[0].data.eventHandlers.move
- ...and 31 more
https://svelte.dev/e/state_snapshot_uncloneable font-weight: bold font-weight: normal @ http://localhost:5177/node_modules/@sveltejs/kit/src/runtime/client/client.js?v=49af9bc2:3207
[ -927308ms] [WARNING] %c[svelte] state_snapshot_uncloneable
%cThe following properties cannot be cloned with `$state.snapshot` — the return value contains the originals:

- <value>[0].data.eventHandlers.deleteBranch
- <value>[0].data.eventHandlers.insert
- <value>[0].data.eventHandlers.select
- <value>[0].data.eventHandlers.changeId
- <value>[0].data.eventHandlers.delete
- <value>[0].data.eventHandlers.newBranch
- <value>[0].data.eventHandlers.move
- ...and 31 more
https://svelte.dev/e/state_snapshot_uncloneable font-weight: bold font-weight: normal @ http://localhost:5177/node_modules/@sveltejs/kit/src/runtime/client/client.js?v=49af9bc2:3207
[ -927305ms] [WARNING] %c[svelte] state_snapshot_uncloneable
%cThe following properties cannot be cloned with `$state.snapshot` — the return value contains the originals:

- <value>[0].data.eventHandlers.deleteBranch
- <value>[0].data.eventHandlers.insert
- <value>[0].data.eventHandlers.select
- <value>[0].data.eventHandlers.changeId
- <value>[0].data.eventHandlers.delete
- <value>[0].data.eventHandlers.newBranch
- <value>[0].data.eventHandlers.move
- ...and 50 more
https://svelte.dev/e/state_snapshot_uncloneable font-weight: bold font-weight: normal @ http://localhost:5177/node_modules/@sveltejs/kit/src/runtime/client/client.js?v=49af9bc2:3207
[ -862522ms] [WARNING] %c[svelte] state_snapshot_uncloneable
%cThe following properties cannot be cloned with `$state.snapshot` — the return value contains the originals:

- <value>[0].data.eventHandlers.deleteBranch
- <value>[0].data.eventHandlers.insert
- <value>[0].data.eventHandlers.select
- <value>[0].data.eventHandlers.changeId
- <value>[0].data.eventHandlers.delete
- <value>[0].data.eventHandlers.newBranch
- <value>[0].data.eventHandlers.move
- ...and 31 more
https://svelte.dev/e/state_snapshot_uncloneable font-weight: bold font-weight: normal @ http://localhost:5177/node_modules/@sveltejs/kit/src/runtime/client/client.js?v=49af9bc2:3207
[ -862452ms] [WARNING] %c[svelte] state_snapshot_uncloneable
%cThe following properties cannot be cloned with `$state.snapshot` — the return value contains the originals:

- <value>[0].data.eventHandlers.deleteBranch
- <value>[0].data.eventHandlers.insert
- <value>[0].data.eventHandlers.select
- <value>[0].data.eventHandlers.changeId
- <value>[0].data.eventHandlers.delete
- <value>[0].data.eventHandlers.newBranch
- <value>[0].data.eventHandlers.move
- ...and 31 more
https://svelte.dev/e/state_snapshot_uncloneable font-weight: bold font-weight: normal @ http://localhost:5177/node_modules/@sveltejs/kit/src/runtime/client/client.js?v=49af9bc2:3207
[ -862434ms] [WARNING] %c[svelte] state_snapshot_uncloneable
%cThe following properties cannot be cloned with `$state.snapshot` — the return value contains the originals:

- <value>[0].data.eventHandlers.deleteBranch
- <value>[0].data.eventHandlers.insert
- <value>[0].data.eventHandlers.select
- <value>[0].data.eventHandlers.changeId
- <value>[0].data.eventHandlers.delete
- <value>[0].data.eventHandlers.newBranch
- <value>[0].data.eventHandlers.move
- ...and 50 more
https://svelte.dev/e/state_snapshot_uncloneable font-weight: bold font-weight: normal @ http://localhost:5177/node_modules/@sveltejs/kit/src/runtime/client/client.js?v=49af9bc2:3207
[ -794393ms] [WARNING] The next HMR update will cause the page to reload @ http://localhost:5177/node_modules/@sveltejs/kit/src/runtime/client/client.js?v=49af9bc2:3207
[ -794393ms] [ERROR] SvelteKitError: Not found: /node_modules/.vite/worker/webWorkerExtensionHostIframe.html
    at navigate (http://localhost:5177/node_modules/@sveltejs/kit/src/runtime/client/client.js?v=49af9bc2:1600:24)
    at async Module.start (http://localhost:5177/node_modules/@sveltejs/kit/src/runtime/client/client.js?v=49af9bc2:363:3) @ http://localhost:5177/@fs/Users/guilhem/Devel/windmill/wt-agent-4/frontend/.svelte-kit/generated/client/app.js:176
[  673437ms] [ERROR] Failed to load resource: the server responded with a status of 504 (Outdated Optimize Dep) @ http://localhost:5177/node_modules/.vite/deps/xterm-readline.js?v=db534577:0
[  673440ms] [WARNING] Failed to fetch dynamically imported module: http://localhost:5177/.svelte-kit/generated/client/nodes/57.js @ http://localhost:5177/node_modules/@sveltejs/kit/src/runtime/client/client.js?v=49af9bc2:3207
[  673460ms] [ERROR] TypeError: Failed to fetch
    at window.fetch (http://localhost:5177/node_modules/@sveltejs/kit/src/runtime/client/fetcher.js?v=49af9bc2:66:10)
    at sendRequest (http://localhost:5177/src/lib/gen/core/request.ts:145:15)
    at http://localhost:5177/src/lib/gen/core/request.ts:261:26 @ http://localhost:5177/src/lib/components/runs/useJobsLoader.svelte.ts:210
[  673484ms] [ERROR] TypeError: Failed to fetch
    at window.fetch (http://localhost:5177/node_modules/@sveltejs/kit/src/runtime/client/fetcher.js?v=49af9bc2:66:10)
    at sendRequest (http://localhost:5177/src/lib/gen/core/request.ts:145:15)
    at http://localhost:5177/src/lib/gen/core/request.ts:261:26 @ http://localhost:5177/src/lib/components/InfiniteList.svelte:101
[  705219ms] [ERROR] Failed to load resource: net::ERR_CONNECTION_REFUSED @ http://localhost:5177/api/w/testing/jobs/list?script_path_exact=u%2Fadmin%2Fnew_flow&script_path_start=f%2Fundefined%2F&running=true&job_kinds=flow%2Cflowpreview&per_page=5&is_skipped=false&has_null_parent=true:0
[  705219ms] [ERROR] TypeError: Failed to fetch
    at window.fetch (http://localhost:5177/node_modules/@sveltejs/kit/src/runtime/client/fetcher.js?v=809edb72:66:10)
    at sendRequest (http://localhost:5177/src/lib/gen/core/request.ts:145:15)
    at http://localhost:5177/src/lib/gen/core/request.ts:261:26 @ http://localhost:5177/src/lib/components/runs/useJobsLoader.svelte.ts:210
[  705258ms] [ERROR] Failed to load resource: net::ERR_CONNECTION_REFUSED @ http://localhost:5177/api/w/testing/inputs/history?runnable_id=u%2Fadmin%2Fnew_flow&runnable_type=FlowPath&page=1&per_page=0&include_preview=true:0
[  705258ms] [ERROR] TypeError: Failed to fetch
    at window.fetch (http://localhost:5177/node_modules/@sveltejs/kit/src/runtime/client/fetcher.js?v=809edb72:66:10)
    at sendRequest (http://localhost:5177/src/lib/gen/core/request.ts:145:15)
    at http://localhost:5177/src/lib/gen/core/request.ts:261:26 @ http://localhost:5177/src/lib/components/InfiniteList.svelte:101
[  705265ms] [ERROR] Failed to load resource: net::ERR_CONNECTION_REFUSED @ http://localhost:5177/api/w/testing/inputs/history?runnable_id=u%2Fadmin%2Fnew_flow&runnable_type=FlowPath&page=1&per_page=20&include_preview=true:0
[  705265ms] [ERROR] TypeError: Failed to fetch
    at window.fetch (http://localhost:5177/node_modules/@sveltejs/kit/src/runtime/client/fetcher.js?v=809edb72:66:10)
    at sendRequest (http://localhost:5177/src/lib/gen/core/request.ts:145:15)
    at http://localhost:5177/src/lib/gen/core/request.ts:261:26 @ http://localhost:5177/src/lib/components/InfiniteList.svelte:101
