[    5829ms] [WARNING] using deprecated parameters for the initialization function; pass a single object instead @ http://localhost:5179/node_modules/@sveltejs/kit/src/runtime/client/client.js?v=3d20f207:3207
[    5830ms] [WARNING] using deprecated parameters for the initialization function; pass a single object instead @ http://localhost:5179/node_modules/@sveltejs/kit/src/runtime/client/client.js?v=3d20f207:3207
[    5830ms] [WARNING] using deprecated parameters for the initialization function; pass a single object instead @ http://localhost:5179/node_modules/@sveltejs/kit/src/runtime/client/client.js?v=3d20f207:3207
[    5830ms] [WARNING] using deprecated parameters for the initialization function; pass a single object instead @ http://localhost:5179/node_modules/@sveltejs/kit/src/runtime/client/client.js?v=3d20f207:3207
[    5962ms] [ERROR] Failed to load resource: the server responded with a status of 404 (Not Found) @ http://localhost:5179/api/w/testing/scripts/get/p/f/billing/stripe_subscription_details:0
[    5964ms] [ERROR] Failed to load resource: the server responded with a status of 404 (Not Found) @ http://localhost:5179/api/w/testing/scripts/get/p/f/billing/preview_subscription_change/b:0
[    5964ms] [ERROR] Failed to load resource: the server responded with a status of 404 (Not Found) @ http://localhost:5179/api/w/testing/scripts/get/p/f/billing/db/query_customer_service_db:0
[    6035ms] [ERROR] Failed to load resource: the server responded with a status of 404 (Not Found) @ http://localhost:5179/api/w/testing/scripts/get/p/f/bd/send_emails_customer_db/h:0
[    6036ms] [ERROR] Failed to load resource: the server responded with a status of 404 (Not Found) @ http://localhost:5179/api/w/testing/scripts/get/p/f/all/send_discord_thread_automatically_split_message:0
[    6036ms] [ERROR] Failed to load resource: the server responded with a status of 404 (Not Found) @ http://localhost:5179/api/w/testing/scripts/get/p/f/billing/db/query_customer_service_db:0
[    6039ms] [ERROR] Failed to load resource: the server responded with a status of 404 (Not Found) @ http://localhost:5179/api/w/testing/scripts/get/p/f/billing/db/query_customer_service_db:0
[    6042ms] [ERROR] Failed to load resource: the server responded with a status of 404 (Not Found) @ http://localhost:5179/api/w/testing/scripts/get/p/f/billing/db/query_customer_service_db:0
[  100482ms] [WARNING] %c[svelte] state_snapshot_uncloneable
%cThe following properties cannot be cloned with `$state.snapshot` — the return value contains the originals:

- <value>[0].data.eventHandlers.deleteBranch
- <value>[0].data.eventHandlers.insert
- <value>[0].data.eventHandlers.select
- <value>[0].data.eventHandlers.changeId
- <value>[0].data.eventHandlers.delete
- <value>[0].data.eventHandlers.newBranch
- <value>[0].data.eventHandlers.move
- ...and 12 more
https://svelte.dev/e/state_snapshot_uncloneable font-weight: bold font-weight: normal @ http://localhost:5179/node_modules/@sveltejs/kit/src/runtime/client/client.js?v=3d20f207:3207
[  100498ms] [WARNING] %c[svelte] ownership_invalid_binding
%csrc/lib/components/InputTransformSchemaForm.svelte passed property `schema` to src/lib/components/InputTransformForm.svelte with `bind:`, but its parent component node_modules/svelte-splitpanes/dist/Pane.svelte did not declare `schema` as a binding. Consider creating a binding between node_modules/svelte-splitpanes/dist/Pane.svelte and src/lib/components/InputTransformSchemaForm.svelte (e.g. `bind:schema={...}` instead of `schema={...}`)
https://svelte.dev/e/ownership_invalid_binding font-weight: bold font-weight: normal @ http://localhost:5179/node_modules/@sveltejs/kit/src/runtime/client/client.js?v=3d20f207:3207
[  100515ms] [WARNING] %c[svelte] ownership_invalid_binding
%csrc/lib/components/InputTransformSchemaForm.svelte passed property `schema` to src/lib/components/InputTransformForm.svelte with `bind:`, but its parent component node_modules/svelte-splitpanes/dist/Pane.svelte did not declare `schema` as a binding. Consider creating a binding between node_modules/svelte-splitpanes/dist/Pane.svelte and src/lib/components/InputTransformSchemaForm.svelte (e.g. `bind:schema={...}` instead of `schema={...}`)
https://svelte.dev/e/ownership_invalid_binding font-weight: bold font-weight: normal @ http://localhost:5179/node_modules/@sveltejs/kit/src/runtime/client/client.js?v=3d20f207:3207
[  100519ms] [WARNING] %c[svelte] ownership_invalid_binding
%csrc/lib/components/InputTransformSchemaForm.svelte passed property `schema` to src/lib/components/InputTransformForm.svelte with `bind:`, but its parent component node_modules/svelte-splitpanes/dist/Pane.svelte did not declare `schema` as a binding. Consider creating a binding between node_modules/svelte-splitpanes/dist/Pane.svelte and src/lib/components/InputTransformSchemaForm.svelte (e.g. `bind:schema={...}` instead of `schema={...}`)
https://svelte.dev/e/ownership_invalid_binding font-weight: bold font-weight: normal @ http://localhost:5179/node_modules/@sveltejs/kit/src/runtime/client/client.js?v=3d20f207:3207
[  100570ms] [WARNING] Splitpanes: Could not resize panes correctly due to their constraints. @ http://localhost:5179/node_modules/@sveltejs/kit/src/runtime/client/client.js?v=3d20f207:3207
[  100576ms] [WARNING] %c[svelte] state_snapshot_uncloneable
%cThe following properties cannot be cloned with `$state.snapshot` — the return value contains the originals:

- <value>[0].data.eventHandlers.deleteBranch
- <value>[0].data.eventHandlers.insert
- <value>[0].data.eventHandlers.select
- <value>[0].data.eventHandlers.changeId
- <value>[0].data.eventHandlers.delete
- <value>[0].data.eventHandlers.newBranch
- <value>[0].data.eventHandlers.move
- ...and 12 more
https://svelte.dev/e/state_snapshot_uncloneable font-weight: bold font-weight: normal @ http://localhost:5179/node_modules/@sveltejs/kit/src/runtime/client/client.js?v=3d20f207:3207
[  100845ms] [ERROR] Failed to load resource: the server responded with a status of 404 (Not Found) @ http://localhost:5179/node_modules/.vite/worker/webWorkerExtensionHostIframe.html?vscode-coi=3&parentOrigin=http%3A%2F%2Flocalhost%3A5179&vscodeWebWorkerExtHostId=6e0c4b0e-1c2a-46fc-9b7b-99b3299c7616:0
[  100845ms] [WARNING] An iframe which has both allow-scripts and allow-same-origin for its sandbox attribute can escape its sandboxing. @ http://localhost:5179/node_modules/.vite/worker/webWorkerExtensionHostIframe.html?vscode-coi=3&parentOrigin=http%3A%2F%2Flocalhost%3A5179&vscodeWebWorkerExtHostId=6e0c4b0e-1c2a-46fc-9b7b-99b3299c7616:0
[  100922ms] [ERROR] [SqlTypeService] Failed to get TypeScript worker client: TypeScript not registered! @ http://localhost:5179/src/lib/components/sqlTypeService.ts:15
[  101100ms] [WARNING] The next HMR update will cause the page to reload @ http://localhost:5179/node_modules/@sveltejs/kit/src/runtime/client/client.js?v=3d20f207:3207
[  101100ms] [ERROR] SvelteKitError: Not found: /node_modules/.vite/worker/webWorkerExtensionHostIframe.html
    at navigate (http://localhost:5179/node_modules/@sveltejs/kit/src/runtime/client/client.js?v=3d20f207:1600:24)
    at async Module.start (http://localhost:5179/node_modules/@sveltejs/kit/src/runtime/client/client.js?v=3d20f207:363:3) @ http://localhost:5179/@fs/Users/guilhem/Devel/windmill/wt-agent-6/frontend/.svelte-kit/generated/client/app.js:176
[  101120ms] [WARNING] Could not create web worker(s). Falling back to loading web worker code in main thread, which might cause UI freezes. Please see https://github.com/microsoft/monaco-editor#faq @ http://localhost:5179/node_modules/@sveltejs/kit/src/runtime/client/client.js?v=3d20f207:3207
[  101120ms] [WARNING] Unimplemented worker editorWorkerService (workerMain.js) @ http://localhost:5179/node_modules/@sveltejs/kit/src/runtime/client/client.js?v=3d20f207:3207
[  160704ms] [WARNING] The Web Worker Extension Host did not start in 60s, that might be a problem. @ http://localhost:5179/node_modules/@sveltejs/kit/src/runtime/client/client.js?v=3d20f207:3207
[  161145ms] [WARNING] %c[svelte] console_log_state
%cYour `console.log` contained `$state` proxies. Consider using `$inspect(...)` or `$state.snapshot(...)` instead
https://svelte.dev/e/console_log_state font-weight: bold font-weight: normal @ http://localhost:5179/node_modules/@sveltejs/kit/src/runtime/client/client.js?v=3d20f207:3207
[  176336ms] [WARNING] %c[svelte] console_log_state
%cYour `console.log` contained `$state` proxies. Consider using `$inspect(...)` or `$state.snapshot(...)` instead
https://svelte.dev/e/console_log_state font-weight: bold font-weight: normal @ http://localhost:5179/node_modules/@sveltejs/kit/src/runtime/client/client.js?v=3d20f207:3207
[  226608ms] [WARNING] %c[svelte] console_log_state
%cYour `console.log` contained `$state` proxies. Consider using `$inspect(...)` or `$state.snapshot(...)` instead
https://svelte.dev/e/console_log_state font-weight: bold font-weight: normal @ http://localhost:5179/node_modules/@sveltejs/kit/src/runtime/client/client.js?v=3d20f207:3207
[  256122ms] [ERROR] Failed to load resource: the server responded with a status of 404 (Not Found) @ http://localhost:5179/node_modules/.vite/worker/webWorkerExtensionHostIframe.html?vscode-coi=3&parentOrigin=http%3A%2F%2Flocalhost%3A5179&vscodeWebWorkerExtHostId=6e0c4b0e-1c2a-46fc-9b7b-99b3299c7616:0
[  256122ms] [WARNING] An iframe which has both allow-scripts and allow-same-origin for its sandbox attribute can escape its sandboxing. @ http://localhost:5179/node_modules/.vite/worker/webWorkerExtensionHostIframe.html?vscode-coi=3&parentOrigin=http%3A%2F%2Flocalhost%3A5179&vscodeWebWorkerExtHostId=6e0c4b0e-1c2a-46fc-9b7b-99b3299c7616:0
[  257033ms] [WARNING] The next HMR update will cause the page to reload @ http://localhost:5179/node_modules/@sveltejs/kit/src/runtime/client/client.js?v=3d20f207:3207
[  257033ms] [ERROR] SvelteKitError: Not found: /node_modules/.vite/worker/webWorkerExtensionHostIframe.html
    at navigate (http://localhost:5179/node_modules/@sveltejs/kit/src/runtime/client/client.js?v=3d20f207:1600:24)
    at async Module.start (http://localhost:5179/node_modules/@sveltejs/kit/src/runtime/client/client.js?v=3d20f207:363:3) @ http://localhost:5179/@fs/Users/guilhem/Devel/windmill/wt-agent-6/frontend/.svelte-kit/generated/client/app.js:176
