[    1269ms] [WARNING] using deprecated parameters for the initialization function; pass a single object instead @ http://localhost:5179/node_modules/@sveltejs/kit/src/runtime/client/client.js?v=3d20f207:3207
[    1310ms] [WARNING] using deprecated parameters for the initialization function; pass a single object instead @ http://localhost:5179/node_modules/@sveltejs/kit/src/runtime/client/client.js?v=3d20f207:3207
[  578382ms] [WARNING] %c[svelte] ownership_invalid_binding
%csrc/lib/components/InputTransformSchemaForm.svelte passed property `schema` to src/lib/components/InputTransformForm.svelte with `bind:`, but its parent component node_modules/svelte-splitpanes/dist/Pane.svelte did not declare `schema` as a binding. Consider creating a binding between node_modules/svelte-splitpanes/dist/Pane.svelte and src/lib/components/InputTransformSchemaForm.svelte (e.g. `bind:schema={...}` instead of `schema={...}`)
https://svelte.dev/e/ownership_invalid_binding font-weight: bold font-weight: normal @ http://localhost:5179/node_modules/@sveltejs/kit/src/runtime/client/client.js?v=3d20f207:3207
[  578403ms] [WARNING] Splitpanes: Could not resize panes correctly due to their constraints. @ http://localhost:5179/node_modules/@sveltejs/kit/src/runtime/client/client.js?v=3d20f207:3207
[  578842ms] [ERROR] Failed to load resource: the server responded with a status of 404 (Not Found) @ http://localhost:5179/node_modules/.vite/worker/webWorkerExtensionHostIframe.html?vscode-coi=3&parentOrigin=http%3A%2F%2Flocalhost%3A5179&vscodeWebWorkerExtHostId=3f5f1cab-5aaf-46e3-b89a-49602a44ae27:0
[  578842ms] [WARNING] An iframe which has both allow-scripts and allow-same-origin for its sandbox attribute can escape its sandboxing. @ http://localhost:5179/node_modules/.vite/worker/webWorkerExtensionHostIframe.html?vscode-coi=3&parentOrigin=http%3A%2F%2Flocalhost%3A5179&vscodeWebWorkerExtHostId=3f5f1cab-5aaf-46e3-b89a-49602a44ae27:0
[  579048ms] [WARNING] The next HMR update will cause the page to reload @ http://localhost:5179/node_modules/@sveltejs/kit/src/runtime/client/client.js?v=3d20f207:3207
[  579048ms] [ERROR] SvelteKitError: Not found: /node_modules/.vite/worker/webWorkerExtensionHostIframe.html
    at navigate (http://localhost:5179/node_modules/@sveltejs/kit/src/runtime/client/client.js?v=3d20f207:1600:24)
    at async Module.start (http://localhost:5179/node_modules/@sveltejs/kit/src/runtime/client/client.js?v=3d20f207:363:3) @ http://localhost:5179/@fs/Users/guilhem/Devel/windmill/wt-agent-6/frontend/.svelte-kit/generated/client/app.js:176
[  579104ms] [WARNING] Could not create web worker(s). Falling back to loading web worker code in main thread, which might cause UI freezes. Please see https://github.com/microsoft/monaco-editor#faq @ http://localhost:5179/node_modules/@sveltejs/kit/src/runtime/client/client.js?v=3d20f207:3207
[  579104ms] [WARNING] Unimplemented worker editorWorkerService (workerMain.js) @ http://localhost:5179/node_modules/@sveltejs/kit/src/runtime/client/client.js?v=3d20f207:3207
[  638561ms] [WARNING] The Web Worker Extension Host did not start in 60s, that might be a problem. @ http://localhost:5179/node_modules/@sveltejs/kit/src/runtime/client/client.js?v=3d20f207:3207
[  646487ms] [ERROR] WebSocket is already in CLOSING or CLOSED state. @ http://localhost:5179/node_modules/.vite/deps/vscode-ws-jsonrpc.js?v=3d20f207:3076
[  675232ms] [WARNING] %c[svelte] state_snapshot_uncloneable
%cThe following properties cannot be cloned with `$state.snapshot` — the return value contains the originals:

- <value>[0].data.eventHandlers.deleteBranch
- <value>[0].data.eventHandlers.insert
- <value>[0].data.eventHandlers.select
- <value>[0].data.eventHandlers.changeId
- <value>[0].data.eventHandlers.delete
- <value>[0].data.eventHandlers.newBranch
- <value>[0].data.eventHandlers.move
- ...and 14 more
https://svelte.dev/e/state_snapshot_uncloneable font-weight: bold font-weight: normal @ http://localhost:5179/node_modules/@sveltejs/kit/src/runtime/client/client.js?v=3d20f207:3207
[  684808ms] [ERROR] Failed to load resource: the server responded with a status of 404 (Not Found) @ http://localhost:5179/node_modules/.vite/worker/webWorkerExtensionHostIframe.html?vscode-coi=3&parentOrigin=http%3A%2F%2Flocalhost%3A5179&vscodeWebWorkerExtHostId=3f5f1cab-5aaf-46e3-b89a-49602a44ae27:0
[  684808ms] [WARNING] An iframe which has both allow-scripts and allow-same-origin for its sandbox attribute can escape its sandboxing. @ http://localhost:5179/node_modules/.vite/worker/webWorkerExtensionHostIframe.html?vscode-coi=3&parentOrigin=http%3A%2F%2Flocalhost%3A5179&vscodeWebWorkerExtHostId=3f5f1cab-5aaf-46e3-b89a-49602a44ae27:0
[  684869ms] [WARNING] The next HMR update will cause the page to reload @ http://localhost:5179/node_modules/@sveltejs/kit/src/runtime/client/client.js?v=3d20f207:3207
[  684869ms] [ERROR] SvelteKitError: Not found: /node_modules/.vite/worker/webWorkerExtensionHostIframe.html
    at navigate (http://localhost:5179/node_modules/@sveltejs/kit/src/runtime/client/client.js?v=3d20f207:1600:24)
    at async Module.start (http://localhost:5179/node_modules/@sveltejs/kit/src/runtime/client/client.js?v=3d20f207:363:3) @ http://localhost:5179/@fs/Users/guilhem/Devel/windmill/wt-agent-6/frontend/.svelte-kit/generated/client/app.js:176
[  688977ms] [ERROR] Failed to load resource: the server responded with a status of 404 (Not Found) @ http://localhost:5179/node_modules/.vite/worker/webWorkerExtensionHostIframe.html?vscode-coi=3&parentOrigin=http%3A%2F%2Flocalhost%3A5179&vscodeWebWorkerExtHostId=3f5f1cab-5aaf-46e3-b89a-49602a44ae27:0
[  688978ms] [WARNING] An iframe which has both allow-scripts and allow-same-origin for its sandbox attribute can escape its sandboxing. @ http://localhost:5179/node_modules/.vite/worker/webWorkerExtensionHostIframe.html?vscode-coi=3&parentOrigin=http%3A%2F%2Flocalhost%3A5179&vscodeWebWorkerExtHostId=3f5f1cab-5aaf-46e3-b89a-49602a44ae27:0
[  689160ms] [WARNING] The next HMR update will cause the page to reload @ http://localhost:5179/node_modules/@sveltejs/kit/src/runtime/client/client.js?v=3d20f207:3207
[  689160ms] [ERROR] SvelteKitError: Not found: /node_modules/.vite/worker/webWorkerExtensionHostIframe.html
    at navigate (http://localhost:5179/node_modules/@sveltejs/kit/src/runtime/client/client.js?v=3d20f207:1600:24)
    at async Module.start (http://localhost:5179/node_modules/@sveltejs/kit/src/runtime/client/client.js?v=3d20f207:363:3) @ http://localhost:5179/@fs/Users/guilhem/Devel/windmill/wt-agent-6/frontend/.svelte-kit/generated/client/app.js:176
[  689317ms] ReferenceError: collapseContainer is not defined

	in <unknown>
	in FlowModuleSchemaItem.svelte
	in MapItem.svelte
	in ContextMenu.svelte
	in NodeWrapper.svelte
	in ModuleNode.svelte
	in NodeWrapper.svelte
	in NodeRenderer.svelte
	in Viewport.svelte
	in Pane.svelte
	in Zoom.svelte
	in Wrapper.svelte
	in SvelteFlow.svelte
	in SvelteFlowProvider.svelte
	in FlowGraphV2.svelte
	in FlowModuleSchemaMap.svelte
	in Pane.svelte
	in Splitpanes.svelte
	in FlowEditor.svelte
	in FlowBuilder.svelte
	in +page.svelte
	in Pane.svelte
	in Splitpanes.svelte
	in AiChatLayout.svelte
	in +layout.svelte
	in +layout.svelte
	in +layout.svelte
	in root.svelte

    at http://localhost:5179/src/lib/components/flows/map/FlowModuleSchemaItem.svelte?t=1772456136482:1484:27
    at http://localhost:5179/node_modules/.vite/deps/client-D9ElqHrt.js?v=3d20f207:907:3
    at update_reaction (http://localhost:5179/node_modules/.vite/deps/events-B_Dxim5Q.js?v=3d20f207:3721:16)
    at update_effect (http://localhost:5179/node_modules/.vite/deps/events-B_Dxim5Q.js?v=3d20f207:3816:20)
    at create_effect (http://localhost:5179/node_modules/.vite/deps/events-B_Dxim5Q.js?v=3d20f207:3163:3)
    at block (http://localhost:5179/node_modules/.vite/deps/events-B_Dxim5Q.js?v=3d20f207:3336:17)
    at Module.if_block (http://localhost:5179/node_modules/.vite/deps/client-D9ElqHrt.js?v=3d20f207:905:2)
    at http://localhost:5179/src/lib/components/flows/map/FlowModuleSchemaItem.svelte?t=1772456136482:1483:16
    at Module.add_svelte_meta (http://localhost:5179/node_modules/.vite/deps/events-B_Dxim5Q.js?v=3d20f207:899:10)
    at consequent_22 (http://localhost:5179/src/lib/components/flows/map/FlowModuleSchemaItem.svelte?t=1772456136482:1482:7)
[  696719ms] [ERROR] Failed to load resource: the server responded with a status of 404 (Not Found) @ http://localhost:5179/node_modules/.vite/worker/webWorkerExtensionHostIframe.html?vscode-coi=3&parentOrigin=http%3A%2F%2Flocalhost%3A5179&vscodeWebWorkerExtHostId=3f5f1cab-5aaf-46e3-b89a-49602a44ae27:0
[  696719ms] [WARNING] An iframe which has both allow-scripts and allow-same-origin for its sandbox attribute can escape its sandboxing. @ http://localhost:5179/node_modules/.vite/worker/webWorkerExtensionHostIframe.html?vscode-coi=3&parentOrigin=http%3A%2F%2Flocalhost%3A5179&vscodeWebWorkerExtHostId=3f5f1cab-5aaf-46e3-b89a-49602a44ae27:0
[  696884ms] [WARNING] The next HMR update will cause the page to reload @ http://localhost:5179/node_modules/@sveltejs/kit/src/runtime/client/client.js?v=3d20f207:3207
[  696885ms] [ERROR] SvelteKitError: Not found: /node_modules/.vite/worker/webWorkerExtensionHostIframe.html
    at navigate (http://localhost:5179/node_modules/@sveltejs/kit/src/runtime/client/client.js?v=3d20f207:1600:24)
    at async Module.start (http://localhost:5179/node_modules/@sveltejs/kit/src/runtime/client/client.js?v=3d20f207:363:3) @ http://localhost:5179/@fs/Users/guilhem/Devel/windmill/wt-agent-6/frontend/.svelte-kit/generated/client/app.js:176
[  707641ms] [ERROR] Failed to load resource: the server responded with a status of 404 (Not Found) @ http://localhost:5179/node_modules/.vite/worker/webWorkerExtensionHostIframe.html?vscode-coi=3&parentOrigin=http%3A%2F%2Flocalhost%3A5179&vscodeWebWorkerExtHostId=3f5f1cab-5aaf-46e3-b89a-49602a44ae27:0
[  707641ms] [WARNING] An iframe which has both allow-scripts and allow-same-origin for its sandbox attribute can escape its sandboxing. @ http://localhost:5179/node_modules/.vite/worker/webWorkerExtensionHostIframe.html?vscode-coi=3&parentOrigin=http%3A%2F%2Flocalhost%3A5179&vscodeWebWorkerExtHostId=3f5f1cab-5aaf-46e3-b89a-49602a44ae27:0
[  707760ms] [WARNING] The next HMR update will cause the page to reload @ http://localhost:5179/node_modules/@sveltejs/kit/src/runtime/client/client.js?v=3d20f207:3207
[  707760ms] [ERROR] SvelteKitError: Not found: /node_modules/.vite/worker/webWorkerExtensionHostIframe.html
    at navigate (http://localhost:5179/node_modules/@sveltejs/kit/src/runtime/client/client.js?v=3d20f207:1600:24)
    at async Module.start (http://localhost:5179/node_modules/@sveltejs/kit/src/runtime/client/client.js?v=3d20f207:363:3) @ http://localhost:5179/@fs/Users/guilhem/Devel/windmill/wt-agent-6/frontend/.svelte-kit/generated/client/app.js:176
[  717293ms] [ERROR] Failed to load resource: the server responded with a status of 404 (Not Found) @ http://localhost:5179/node_modules/.vite/worker/webWorkerExtensionHostIframe.html?vscode-coi=3&parentOrigin=http%3A%2F%2Flocalhost%3A5179&vscodeWebWorkerExtHostId=3f5f1cab-5aaf-46e3-b89a-49602a44ae27:0
[  717294ms] [WARNING] An iframe which has both allow-scripts and allow-same-origin for its sandbox attribute can escape its sandboxing. @ http://localhost:5179/node_modules/.vite/worker/webWorkerExtensionHostIframe.html?vscode-coi=3&parentOrigin=http%3A%2F%2Flocalhost%3A5179&vscodeWebWorkerExtHostId=3f5f1cab-5aaf-46e3-b89a-49602a44ae27:0
[  717411ms] [WARNING] The next HMR update will cause the page to reload @ http://localhost:5179/node_modules/@sveltejs/kit/src/runtime/client/client.js?v=3d20f207:3207
[  717411ms] [ERROR] SvelteKitError: Not found: /node_modules/.vite/worker/webWorkerExtensionHostIframe.html
    at navigate (http://localhost:5179/node_modules/@sveltejs/kit/src/runtime/client/client.js?v=3d20f207:1600:24)
    at async Module.start (http://localhost:5179/node_modules/@sveltejs/kit/src/runtime/client/client.js?v=3d20f207:363:3) @ http://localhost:5179/@fs/Users/guilhem/Devel/windmill/wt-agent-6/frontend/.svelte-kit/generated/client/app.js:176
[  730521ms] [ERROR] Failed to load resource: the server responded with a status of 404 (Not Found) @ http://localhost:5179/node_modules/.vite/worker/webWorkerExtensionHostIframe.html?vscode-coi=3&parentOrigin=http%3A%2F%2Flocalhost%3A5179&vscodeWebWorkerExtHostId=3f5f1cab-5aaf-46e3-b89a-49602a44ae27:0
[  730523ms] [WARNING] An iframe which has both allow-scripts and allow-same-origin for its sandbox attribute can escape its sandboxing. @ http://localhost:5179/node_modules/.vite/worker/webWorkerExtensionHostIframe.html?vscode-coi=3&parentOrigin=http%3A%2F%2Flocalhost%3A5179&vscodeWebWorkerExtHostId=3f5f1cab-5aaf-46e3-b89a-49602a44ae27:0
[  730627ms] [WARNING] The next HMR update will cause the page to reload @ http://localhost:5179/node_modules/@sveltejs/kit/src/runtime/client/client.js?v=3d20f207:3207
[  730628ms] [ERROR] SvelteKitError: Not found: /node_modules/.vite/worker/webWorkerExtensionHostIframe.html
    at navigate (http://localhost:5179/node_modules/@sveltejs/kit/src/runtime/client/client.js?v=3d20f207:1600:24)
    at async Module.start (http://localhost:5179/node_modules/@sveltejs/kit/src/runtime/client/client.js?v=3d20f207:363:3) @ http://localhost:5179/@fs/Users/guilhem/Devel/windmill/wt-agent-6/frontend/.svelte-kit/generated/client/app.js:176
[  737821ms] [ERROR] Failed to load resource: the server responded with a status of 404 (Not Found) @ http://localhost:5179/node_modules/.vite/worker/webWorkerExtensionHostIframe.html?vscode-coi=3&parentOrigin=http%3A%2F%2Flocalhost%3A5179&vscodeWebWorkerExtHostId=3f5f1cab-5aaf-46e3-b89a-49602a44ae27:0
[  737821ms] [WARNING] An iframe which has both allow-scripts and allow-same-origin for its sandbox attribute can escape its sandboxing. @ http://localhost:5179/node_modules/.vite/worker/webWorkerExtensionHostIframe.html?vscode-coi=3&parentOrigin=http%3A%2F%2Flocalhost%3A5179&vscodeWebWorkerExtHostId=3f5f1cab-5aaf-46e3-b89a-49602a44ae27:0
[  737949ms] [WARNING] The next HMR update will cause the page to reload @ http://localhost:5179/node_modules/@sveltejs/kit/src/runtime/client/client.js?v=3d20f207:3207
[  737949ms] [ERROR] SvelteKitError: Not found: /node_modules/.vite/worker/webWorkerExtensionHostIframe.html
    at navigate (http://localhost:5179/node_modules/@sveltejs/kit/src/runtime/client/client.js?v=3d20f207:1600:24)
    at async Module.start (http://localhost:5179/node_modules/@sveltejs/kit/src/runtime/client/client.js?v=3d20f207:363:3) @ http://localhost:5179/@fs/Users/guilhem/Devel/windmill/wt-agent-6/frontend/.svelte-kit/generated/client/app.js:176
[  743355ms] [ERROR] Failed to load resource: the server responded with a status of 404 (Not Found) @ http://localhost:5179/node_modules/.vite/worker/webWorkerExtensionHostIframe.html?vscode-coi=3&parentOrigin=http%3A%2F%2Flocalhost%3A5179&vscodeWebWorkerExtHostId=3f5f1cab-5aaf-46e3-b89a-49602a44ae27:0
[  743358ms] [WARNING] An iframe which has both allow-scripts and allow-same-origin for its sandbox attribute can escape its sandboxing. @ http://localhost:5179/node_modules/.vite/worker/webWorkerExtensionHostIframe.html?vscode-coi=3&parentOrigin=http%3A%2F%2Flocalhost%3A5179&vscodeWebWorkerExtHostId=3f5f1cab-5aaf-46e3-b89a-49602a44ae27:0
[  743535ms] [WARNING] The next HMR update will cause the page to reload @ http://localhost:5179/node_modules/@sveltejs/kit/src/runtime/client/client.js?v=3d20f207:3207
[  743535ms] [ERROR] SvelteKitError: Not found: /node_modules/.vite/worker/webWorkerExtensionHostIframe.html
    at navigate (http://localhost:5179/node_modules/@sveltejs/kit/src/runtime/client/client.js?v=3d20f207:1600:24)
    at async Module.start (http://localhost:5179/node_modules/@sveltejs/kit/src/runtime/client/client.js?v=3d20f207:363:3) @ http://localhost:5179/@fs/Users/guilhem/Devel/windmill/wt-agent-6/frontend/.svelte-kit/generated/client/app.js:176
[  765319ms] [ERROR] Failed to load resource: the server responded with a status of 404 (Not Found) @ http://localhost:5179/node_modules/.vite/worker/webWorkerExtensionHostIframe.html?vscode-coi=3&parentOrigin=http%3A%2F%2Flocalhost%3A5179&vscodeWebWorkerExtHostId=3f5f1cab-5aaf-46e3-b89a-49602a44ae27:0
[  765325ms] [WARNING] An iframe which has both allow-scripts and allow-same-origin for its sandbox attribute can escape its sandboxing. @ http://localhost:5179/node_modules/.vite/worker/webWorkerExtensionHostIframe.html?vscode-coi=3&parentOrigin=http%3A%2F%2Flocalhost%3A5179&vscodeWebWorkerExtHostId=3f5f1cab-5aaf-46e3-b89a-49602a44ae27:0
[  765844ms] [WARNING] The next HMR update will cause the page to reload @ http://localhost:5179/node_modules/@sveltejs/kit/src/runtime/client/client.js?v=3d20f207:3207
[  765844ms] [ERROR] SvelteKitError: Not found: /node_modules/.vite/worker/webWorkerExtensionHostIframe.html
    at navigate (http://localhost:5179/node_modules/@sveltejs/kit/src/runtime/client/client.js?v=3d20f207:1600:24)
    at async Module.start (http://localhost:5179/node_modules/@sveltejs/kit/src/runtime/client/client.js?v=3d20f207:363:3) @ http://localhost:5179/@fs/Users/guilhem/Devel/windmill/wt-agent-6/frontend/.svelte-kit/generated/client/app.js:176
[  777253ms] [ERROR] Failed to load resource: the server responded with a status of 404 (Not Found) @ http://localhost:5179/node_modules/.vite/worker/webWorkerExtensionHostIframe.html?vscode-coi=3&parentOrigin=http%3A%2F%2Flocalhost%3A5179&vscodeWebWorkerExtHostId=3f5f1cab-5aaf-46e3-b89a-49602a44ae27:0
[  777254ms] [WARNING] An iframe which has both allow-scripts and allow-same-origin for its sandbox attribute can escape its sandboxing. @ http://localhost:5179/node_modules/.vite/worker/webWorkerExtensionHostIframe.html?vscode-coi=3&parentOrigin=http%3A%2F%2Flocalhost%3A5179&vscodeWebWorkerExtHostId=3f5f1cab-5aaf-46e3-b89a-49602a44ae27:0
[  777638ms] [WARNING] The next HMR update will cause the page to reload @ http://localhost:5179/node_modules/@sveltejs/kit/src/runtime/client/client.js?v=3d20f207:3207
[  777638ms] [ERROR] SvelteKitError: Not found: /node_modules/.vite/worker/webWorkerExtensionHostIframe.html
    at navigate (http://localhost:5179/node_modules/@sveltejs/kit/src/runtime/client/client.js?v=3d20f207:1600:24)
    at async Module.start (http://localhost:5179/node_modules/@sveltejs/kit/src/runtime/client/client.js?v=3d20f207:363:3) @ http://localhost:5179/@fs/Users/guilhem/Devel/windmill/wt-agent-6/frontend/.svelte-kit/generated/client/app.js:176
[  784354ms] [ERROR] Failed to load resource: the server responded with a status of 404 (Not Found) @ http://localhost:5179/node_modules/.vite/worker/webWorkerExtensionHostIframe.html?vscode-coi=3&parentOrigin=http%3A%2F%2Flocalhost%3A5179&vscodeWebWorkerExtHostId=3f5f1cab-5aaf-46e3-b89a-49602a44ae27:0
[  784355ms] [WARNING] An iframe which has both allow-scripts and allow-same-origin for its sandbox attribute can escape its sandboxing. @ http://localhost:5179/node_modules/.vite/worker/webWorkerExtensionHostIframe.html?vscode-coi=3&parentOrigin=http%3A%2F%2Flocalhost%3A5179&vscodeWebWorkerExtHostId=3f5f1cab-5aaf-46e3-b89a-49602a44ae27:0
[  784454ms] [WARNING] The next HMR update will cause the page to reload @ http://localhost:5179/node_modules/@sveltejs/kit/src/runtime/client/client.js?v=3d20f207:3207
[  784454ms] [ERROR] SvelteKitError: Not found: /node_modules/.vite/worker/webWorkerExtensionHostIframe.html
    at navigate (http://localhost:5179/node_modules/@sveltejs/kit/src/runtime/client/client.js?v=3d20f207:1600:24)
    at async Module.start (http://localhost:5179/node_modules/@sveltejs/kit/src/runtime/client/client.js?v=3d20f207:363:3) @ http://localhost:5179/@fs/Users/guilhem/Devel/windmill/wt-agent-6/frontend/.svelte-kit/generated/client/app.js:176
[  794370ms] [ERROR] Failed to load resource: the server responded with a status of 404 (Not Found) @ http://localhost:5179/node_modules/.vite/worker/webWorkerExtensionHostIframe.html?vscode-coi=3&parentOrigin=http%3A%2F%2Flocalhost%3A5179&vscodeWebWorkerExtHostId=3f5f1cab-5aaf-46e3-b89a-49602a44ae27:0
[  794372ms] [WARNING] An iframe which has both allow-scripts and allow-same-origin for its sandbox attribute can escape its sandboxing. @ http://localhost:5179/node_modules/.vite/worker/webWorkerExtensionHostIframe.html?vscode-coi=3&parentOrigin=http%3A%2F%2Flocalhost%3A5179&vscodeWebWorkerExtHostId=3f5f1cab-5aaf-46e3-b89a-49602a44ae27:0
[  794503ms] [WARNING] The next HMR update will cause the page to reload @ http://localhost:5179/node_modules/@sveltejs/kit/src/runtime/client/client.js?v=3d20f207:3207
[  794503ms] [ERROR] SvelteKitError: Not found: /node_modules/.vite/worker/webWorkerExtensionHostIframe.html
    at navigate (http://localhost:5179/node_modules/@sveltejs/kit/src/runtime/client/client.js?v=3d20f207:1600:24)
    at async Module.start (http://localhost:5179/node_modules/@sveltejs/kit/src/runtime/client/client.js?v=3d20f207:363:3) @ http://localhost:5179/@fs/Users/guilhem/Devel/windmill/wt-agent-6/frontend/.svelte-kit/generated/client/app.js:176
[  803849ms] [ERROR] Failed to load resource: the server responded with a status of 404 (Not Found) @ http://localhost:5179/node_modules/.vite/worker/webWorkerExtensionHostIframe.html?vscode-coi=3&parentOrigin=http%3A%2F%2Flocalhost%3A5179&vscodeWebWorkerExtHostId=3f5f1cab-5aaf-46e3-b89a-49602a44ae27:0
[  803849ms] [WARNING] An iframe which has both allow-scripts and allow-same-origin for its sandbox attribute can escape its sandboxing. @ http://localhost:5179/node_modules/.vite/worker/webWorkerExtensionHostIframe.html?vscode-coi=3&parentOrigin=http%3A%2F%2Flocalhost%3A5179&vscodeWebWorkerExtHostId=3f5f1cab-5aaf-46e3-b89a-49602a44ae27:0
[  803998ms] [WARNING] The next HMR update will cause the page to reload @ http://localhost:5179/node_modules/@sveltejs/kit/src/runtime/client/client.js?v=3d20f207:3207
[  803999ms] [ERROR] SvelteKitError: Not found: /node_modules/.vite/worker/webWorkerExtensionHostIframe.html
    at navigate (http://localhost:5179/node_modules/@sveltejs/kit/src/runtime/client/client.js?v=3d20f207:1600:24)
    at async Module.start (http://localhost:5179/node_modules/@sveltejs/kit/src/runtime/client/client.js?v=3d20f207:363:3) @ http://localhost:5179/@fs/Users/guilhem/Devel/windmill/wt-agent-6/frontend/.svelte-kit/generated/client/app.js:176
[  881947ms] [WARNING] using deprecated parameters for the initialization function; pass a single object instead @ http://localhost:5179/node_modules/@sveltejs/kit/src/runtime/client/client.js?v=3d20f207:3207
[  881947ms] [WARNING] using deprecated parameters for the initialization function; pass a single object instead @ http://localhost:5179/node_modules/@sveltejs/kit/src/runtime/client/client.js?v=3d20f207:3207
[  882138ms] [WARNING] %c[svelte] ownership_invalid_binding
%csrc/lib/components/InputTransformSchemaForm.svelte passed property `schema` to src/lib/components/InputTransformForm.svelte with `bind:`, but its parent component node_modules/svelte-splitpanes/dist/Pane.svelte did not declare `schema` as a binding. Consider creating a binding between node_modules/svelte-splitpanes/dist/Pane.svelte and src/lib/components/InputTransformSchemaForm.svelte (e.g. `bind:schema={...}` instead of `schema={...}`)
https://svelte.dev/e/ownership_invalid_binding font-weight: bold font-weight: normal @ http://localhost:5179/node_modules/@sveltejs/kit/src/runtime/client/client.js?v=3d20f207:3207
[  882150ms] [WARNING] Splitpanes: Could not resize panes correctly due to their constraints. @ http://localhost:5179/node_modules/@sveltejs/kit/src/runtime/client/client.js?v=3d20f207:3207
[  882429ms] [ERROR] Failed to load resource: the server responded with a status of 404 (Not Found) @ http://localhost:5179/node_modules/.vite/worker/webWorkerExtensionHostIframe.html?vscode-coi=3&parentOrigin=http%3A%2F%2Flocalhost%3A5179&vscodeWebWorkerExtHostId=8002d27b-a4f5-4d9b-9008-3affd78c84b7:0
[  882429ms] [WARNING] An iframe which has both allow-scripts and allow-same-origin for its sandbox attribute can escape its sandboxing. @ http://localhost:5179/node_modules/.vite/worker/webWorkerExtensionHostIframe.html?vscode-coi=3&parentOrigin=http%3A%2F%2Flocalhost%3A5179&vscodeWebWorkerExtHostId=8002d27b-a4f5-4d9b-9008-3affd78c84b7:0
[  882593ms] [WARNING] The next HMR update will cause the page to reload @ http://localhost:5179/node_modules/@sveltejs/kit/src/runtime/client/client.js?v=3d20f207:3207
[  882593ms] [ERROR] SvelteKitError: Not found: /node_modules/.vite/worker/webWorkerExtensionHostIframe.html
    at navigate (http://localhost:5179/node_modules/@sveltejs/kit/src/runtime/client/client.js?v=3d20f207:1600:24)
    at async Module.start (http://localhost:5179/node_modules/@sveltejs/kit/src/runtime/client/client.js?v=3d20f207:363:3) @ http://localhost:5179/@fs/Users/guilhem/Devel/windmill/wt-agent-6/frontend/.svelte-kit/generated/client/app.js:176
[  882614ms] [WARNING] Could not create web worker(s). Falling back to loading web worker code in main thread, which might cause UI freezes. Please see https://github.com/microsoft/monaco-editor#faq @ http://localhost:5179/node_modules/@sveltejs/kit/src/runtime/client/client.js?v=3d20f207:3207
[  882614ms] [WARNING] Unimplemented worker editorWorkerService (workerMain.js) @ http://localhost:5179/node_modules/@sveltejs/kit/src/runtime/client/client.js?v=3d20f207:3207
[  918674ms] [WARNING] Splitpanes: Could not resize panes correctly due to their constraints. @ http://localhost:5179/node_modules/@sveltejs/kit/src/runtime/client/client.js?v=3d20f207:3207
[  918764ms] [ERROR] WebSocket is already in CLOSING or CLOSED state. @ http://localhost:5179/node_modules/.vite/deps/vscode-ws-jsonrpc.js?v=3d20f207:3076
[  942272ms] [WARNING] The Web Worker Extension Host did not start in 60s, that might be a problem. @ http://localhost:5179/node_modules/@sveltejs/kit/src/runtime/client/client.js?v=3d20f207:3207
[  996331ms] [WARNING] %c[svelte] ownership_invalid_binding
%csrc/lib/components/InputTransformSchemaForm.svelte passed property `schema` to src/lib/components/InputTransformForm.svelte with `bind:`, but its parent component node_modules/svelte-splitpanes/dist/Pane.svelte did not declare `schema` as a binding. Consider creating a binding between node_modules/svelte-splitpanes/dist/Pane.svelte and src/lib/components/InputTransformSchemaForm.svelte (e.g. `bind:schema={...}` instead of `schema={...}`)
https://svelte.dev/e/ownership_invalid_binding font-weight: bold font-weight: normal @ http://localhost:5179/node_modules/@sveltejs/kit/src/runtime/client/client.js?v=3d20f207:3207
[  996342ms] [WARNING] Splitpanes: Could not resize panes correctly due to their constraints. @ http://localhost:5179/node_modules/@sveltejs/kit/src/runtime/client/client.js?v=3d20f207:3207
[  999028ms] [WARNING] %c[svelte] ownership_invalid_binding
%csrc/lib/components/InputTransformSchemaForm.svelte passed property `schema` to src/lib/components/InputTransformForm.svelte with `bind:`, but its parent component node_modules/svelte-splitpanes/dist/Pane.svelte did not declare `schema` as a binding. Consider creating a binding between node_modules/svelte-splitpanes/dist/Pane.svelte and src/lib/components/InputTransformSchemaForm.svelte (e.g. `bind:schema={...}` instead of `schema={...}`)
https://svelte.dev/e/ownership_invalid_binding font-weight: bold font-weight: normal @ http://localhost:5179/node_modules/@sveltejs/kit/src/runtime/client/client.js?v=3d20f207:3207
[  999032ms] [WARNING] Splitpanes: Could not resize panes correctly due to their constraints. @ http://localhost:5179/node_modules/@sveltejs/kit/src/runtime/client/client.js?v=3d20f207:3207
[  999778ms] [ERROR] WebSocket is already in CLOSING or CLOSED state. @ http://localhost:5179/node_modules/.vite/deps/vscode-ws-jsonrpc.js?v=3d20f207:3076
[  999779ms] [ERROR] command 'ruff.applyFormat' already exists @ http://localhost:5179/node_modules/.vite/deps/standaloneServices-BuXvrSpN.js?v=3d20f207:88955
[  999780ms] [ERROR] Server initialization failed. @ http://localhost:5179/node_modules/.vite/deps/standaloneServices-BuXvrSpN.js?v=3d20f207:88955
[  999782ms] [ERROR] ruff client: couldn't create connection to server. @ http://localhost:5179/node_modules/.vite/deps/standaloneServices-BuXvrSpN.js?v=3d20f207:88955
[  999782ms] [ERROR] WebSocket is already in CLOSING or CLOSED state. @ http://localhost:5179/node_modules/.vite/deps/vscode-ws-jsonrpc.js?v=3d20f207:3076
[  999782ms] [ERROR] WebSocket is already in CLOSING or CLOSED state. @ http://localhost:5179/node_modules/.vite/deps/vscode-ws-jsonrpc.js?v=3d20f207:3076
[  999782ms] [ERROR] Sending document notification textDocument/didOpen failed @ http://localhost:5179/node_modules/.vite/deps/standaloneServices-BuXvrSpN.js?v=3d20f207:88955
[  999782ms] [ERROR] Request textDocument/codeAction failed. @ http://localhost:5179/node_modules/.vite/deps/standaloneServices-BuXvrSpN.js?v=3d20f207:88955
[  999783ms] [ERROR] Error: command 'ruff.applyFormat' already exists
    at ExtHostCommands$1.registerCommand (http://localhost:5179/node_modules/.vite/deps/extension.api-pKSpE5tO.js?v=3d20f207:2001:54)
    at Proxy.registerCommand (http://localhost:5179/node_modules/.vite/deps/extension.api-pKSpE5tO.js?v=3d20f207:25715:28)
    at ExecuteCommandFeature.register (http://localhost:5179/node_modules/.vite/deps/main-BR1kxhFJ.js?v=3d20f207:11175:96)
    at ExecuteCommandFeature.initialize (http://localhost:5179/node_modules/.vite/deps/main-BR1kxhFJ.js?v=3d20f207:11156:9)
    at MonacoLanguageClient.initializeFeatures (http://localhost:5179/node_modules/.vite/deps/main-BR1kxhFJ.js?v=3d20f207:13715:50)
    at MonacoLanguageClient.doInitialize (http://localhost:5179/node_modules/.vite/deps/main-BR1kxhFJ.js?v=3d20f207:13296:10)
    at async MonacoLanguageClient.start (http://localhost:5179/node_modules/.vite/deps/main-BR1kxhFJ.js?v=3d20f207:13205:5)
    at async Module.track_reactivity_loss (http://localhost:5179/node_modules/.vite/deps/events-B_Dxim5Q.js?v=3d20f207:2025:14)
    at async webSocket.onopen (http://localhost:5179/src/lib/components/Editor.svelte:967:8) @ http://localhost:5179/src/lib/components/Editor.svelte:976
[  999783ms] [ERROR] WebSocket is already in CLOSING or CLOSED state. @ http://localhost:5179/node_modules/.vite/deps/vscode-ws-jsonrpc.js?v=3d20f207:3076
[  999909ms] [ERROR] WebSocket is already in CLOSING or CLOSED state. @ http://localhost:5179/node_modules/.vite/deps/vscode-ws-jsonrpc.js?v=3d20f207:3076
[  999911ms] [ERROR] WebSocket is already in CLOSING or CLOSED state. @ http://localhost:5179/node_modules/.vite/deps/vscode-ws-jsonrpc.js?v=3d20f207:3076
[ 1000090ms] [ERROR] WebSocket is already in CLOSING or CLOSED state. @ http://localhost:5179/node_modules/.vite/deps/vscode-ws-jsonrpc.js?v=3d20f207:3076
[ 1000093ms] [ERROR] WebSocket is already in CLOSING or CLOSED state. @ http://localhost:5179/node_modules/.vite/deps/vscode-ws-jsonrpc.js?v=3d20f207:3076
[ 1000113ms] [WARNING] %c[svelte] state_snapshot_uncloneable
%cThe following properties cannot be cloned with `$state.snapshot` — the return value contains the originals:

- <value>[0].data.eventHandlers.deleteBranch
- <value>[0].data.eventHandlers.insert
- <value>[0].data.eventHandlers.select
- <value>[0].data.eventHandlers.changeId
- <value>[0].data.eventHandlers.delete
- <value>[0].data.eventHandlers.newBranch
- <value>[0].data.eventHandlers.move
- ...and 14 more
https://svelte.dev/e/state_snapshot_uncloneable font-weight: bold font-weight: normal @ http://localhost:5179/node_modules/@sveltejs/kit/src/runtime/client/client.js?v=3d20f207:3207
[ 1000118ms] [WARNING] %c[svelte] ownership_invalid_binding
%csrc/lib/components/InputTransformSchemaForm.svelte passed property `schema` to src/lib/components/InputTransformForm.svelte with `bind:`, but its parent component node_modules/svelte-splitpanes/dist/Pane.svelte did not declare `schema` as a binding. Consider creating a binding between node_modules/svelte-splitpanes/dist/Pane.svelte and src/lib/components/InputTransformSchemaForm.svelte (e.g. `bind:schema={...}` instead of `schema={...}`)
https://svelte.dev/e/ownership_invalid_binding font-weight: bold font-weight: normal @ http://localhost:5179/node_modules/@sveltejs/kit/src/runtime/client/client.js?v=3d20f207:3207
[ 1000123ms] [WARNING] Splitpanes: Could not resize panes correctly due to their constraints. @ http://localhost:5179/node_modules/@sveltejs/kit/src/runtime/client/client.js?v=3d20f207:3207
[ 1000126ms] [WARNING] %c[svelte] state_snapshot_uncloneable
%cThe following properties cannot be cloned with `$state.snapshot` — the return value contains the originals:

- <value>[0].data.eventHandlers.deleteBranch
- <value>[0].data.eventHandlers.insert
- <value>[0].data.eventHandlers.select
- <value>[0].data.eventHandlers.changeId
- <value>[0].data.eventHandlers.delete
- <value>[0].data.eventHandlers.newBranch
- <value>[0].data.eventHandlers.move
- ...and 14 more
https://svelte.dev/e/state_snapshot_uncloneable font-weight: bold font-weight: normal @ http://localhost:5179/node_modules/@sveltejs/kit/src/runtime/client/client.js?v=3d20f207:3207
[ 1000129ms] [ERROR] WebSocket is already in CLOSING or CLOSED state. @ http://localhost:5179/node_modules/.vite/deps/vscode-ws-jsonrpc.js?v=3d20f207:3076
[ 1000129ms] [ERROR] WebSocket is already in CLOSING or CLOSED state. @ http://localhost:5179/node_modules/.vite/deps/vscode-ws-jsonrpc.js?v=3d20f207:3076
[ 1000139ms] [ERROR] WebSocket is already in CLOSING or CLOSED state. @ http://localhost:5179/node_modules/.vite/deps/vscode-ws-jsonrpc.js?v=3d20f207:3076
[ 1000140ms] [ERROR] WebSocket is already in CLOSING or CLOSED state. @ http://localhost:5179/node_modules/.vite/deps/vscode-ws-jsonrpc.js?v=3d20f207:3076
[ 1000173ms] [ERROR] WebSocket is already in CLOSING or CLOSED state. @ http://localhost:5179/node_modules/.vite/deps/vscode-ws-jsonrpc.js?v=3d20f207:3076
[ 1000175ms] [ERROR] WebSocket is already in CLOSING or CLOSED state. @ http://localhost:5179/node_modules/.vite/deps/vscode-ws-jsonrpc.js?v=3d20f207:3076
[ 1000192ms] [ERROR] WebSocket is already in CLOSING or CLOSED state. @ http://localhost:5179/node_modules/.vite/deps/vscode-ws-jsonrpc.js?v=3d20f207:3076
[ 1000229ms] [WARNING] %c[svelte] state_snapshot_uncloneable
%cThe following properties cannot be cloned with `$state.snapshot` — the return value contains the originals:

- <value>[0].data.eventHandlers.deleteBranch
- <value>[0].data.eventHandlers.insert
- <value>[0].data.eventHandlers.select
- <value>[0].data.eventHandlers.changeId
- <value>[0].data.eventHandlers.delete
- <value>[0].data.eventHandlers.newBranch
- <value>[0].data.eventHandlers.move
- ...and 14 more
https://svelte.dev/e/state_snapshot_uncloneable font-weight: bold font-weight: normal @ http://localhost:5179/node_modules/@sveltejs/kit/src/runtime/client/client.js?v=3d20f207:3207
[ 1000246ms] [WARNING] WebSocket connection to 'ws://localhost:5179/ws/pyright' failed: WebSocket is closed before the connection is established. @ http://localhost:5179/src/lib/components/Editor.svelte:1191
[ 1000248ms] [ERROR] WebSocket is already in CLOSING or CLOSED state. @ http://localhost:5179/node_modules/.vite/deps/vscode-ws-jsonrpc.js?v=3d20f207:3076
[ 1000249ms] [ERROR] WebSocket is already in CLOSING or CLOSED state. @ http://localhost:5179/node_modules/.vite/deps/vscode-ws-jsonrpc.js?v=3d20f207:3076
[ 1000258ms] [WARNING] %c[svelte] state_snapshot_uncloneable
%cThe following properties cannot be cloned with `$state.snapshot` — the return value contains the originals:

- <value>[0].data.eventHandlers.deleteBranch
- <value>[0].data.eventHandlers.insert
- <value>[0].data.eventHandlers.select
- <value>[0].data.eventHandlers.changeId
- <value>[0].data.eventHandlers.delete
- <value>[0].data.eventHandlers.newBranch
- <value>[0].data.eventHandlers.move
- ...and 35 more
https://svelte.dev/e/state_snapshot_uncloneable font-weight: bold font-weight: normal @ http://localhost:5179/node_modules/@sveltejs/kit/src/runtime/client/client.js?v=3d20f207:3207
[ 1000259ms] [WARNING] WebSocket connection to 'ws://localhost:5179/ws/ruff' failed: WebSocket is closed before the connection is established. @ http://localhost:5179/src/lib/components/Editor.svelte:1191
[ 1000259ms] [ERROR] WebSocket is already in CLOSING or CLOSED state. @ http://localhost:5179/node_modules/.vite/deps/vscode-ws-jsonrpc.js?v=3d20f207:3076
[ 1001011ms] [ERROR] WebSocket is already in CLOSING or CLOSED state. @ http://localhost:5179/node_modules/.vite/deps/vscode-ws-jsonrpc.js?v=3d20f207:3076
[ 1111705ms] [ERROR] Failed to load resource: the server responded with a status of 404 (Not Found) @ http://localhost:5179/node_modules/.vite/worker/webWorkerExtensionHostIframe.html?vscode-coi=3&parentOrigin=http%3A%2F%2Flocalhost%3A5179&vscodeWebWorkerExtHostId=8002d27b-a4f5-4d9b-9008-3affd78c84b7:0
[ 1111705ms] [WARNING] An iframe which has both allow-scripts and allow-same-origin for its sandbox attribute can escape its sandboxing. @ http://localhost:5179/node_modules/.vite/worker/webWorkerExtensionHostIframe.html?vscode-coi=3&parentOrigin=http%3A%2F%2Flocalhost%3A5179&vscodeWebWorkerExtHostId=8002d27b-a4f5-4d9b-9008-3affd78c84b7:0
[ 1111897ms] [WARNING] The next HMR update will cause the page to reload @ http://localhost:5179/node_modules/@sveltejs/kit/src/runtime/client/client.js?v=3d20f207:3207
[ 1111897ms] [ERROR] SvelteKitError: Not found: /node_modules/.vite/worker/webWorkerExtensionHostIframe.html
    at navigate (http://localhost:5179/node_modules/@sveltejs/kit/src/runtime/client/client.js?v=3d20f207:1600:24)
    at async Module.start (http://localhost:5179/node_modules/@sveltejs/kit/src/runtime/client/client.js?v=3d20f207:363:3) @ http://localhost:5179/@fs/Users/guilhem/Devel/windmill/wt-agent-6/frontend/.svelte-kit/generated/client/app.js:176
[ 1118272ms] [ERROR] Failed to load resource: the server responded with a status of 404 (Not Found) @ http://localhost:5179/node_modules/.vite/worker/webWorkerExtensionHostIframe.html?vscode-coi=3&parentOrigin=http%3A%2F%2Flocalhost%3A5179&vscodeWebWorkerExtHostId=8002d27b-a4f5-4d9b-9008-3affd78c84b7:0
[ 1118273ms] [WARNING] An iframe which has both allow-scripts and allow-same-origin for its sandbox attribute can escape its sandboxing. @ http://localhost:5179/node_modules/.vite/worker/webWorkerExtensionHostIframe.html?vscode-coi=3&parentOrigin=http%3A%2F%2Flocalhost%3A5179&vscodeWebWorkerExtHostId=8002d27b-a4f5-4d9b-9008-3affd78c84b7:0
[ 1118456ms] [WARNING] The next HMR update will cause the page to reload @ http://localhost:5179/node_modules/@sveltejs/kit/src/runtime/client/client.js?v=3d20f207:3207
[ 1118456ms] [ERROR] SvelteKitError: Not found: /node_modules/.vite/worker/webWorkerExtensionHostIframe.html
    at navigate (http://localhost:5179/node_modules/@sveltejs/kit/src/runtime/client/client.js?v=3d20f207:1600:24)
    at async Module.start (http://localhost:5179/node_modules/@sveltejs/kit/src/runtime/client/client.js?v=3d20f207:363:3) @ http://localhost:5179/@fs/Users/guilhem/Devel/windmill/wt-agent-6/frontend/.svelte-kit/generated/client/app.js:176
[ 1124561ms] [ERROR] Failed to load resource: the server responded with a status of 404 (Not Found) @ http://localhost:5179/node_modules/.vite/worker/webWorkerExtensionHostIframe.html?vscode-coi=3&parentOrigin=http%3A%2F%2Flocalhost%3A5179&vscodeWebWorkerExtHostId=8002d27b-a4f5-4d9b-9008-3affd78c84b7:0
[ 1124561ms] [WARNING] An iframe which has both allow-scripts and allow-same-origin for its sandbox attribute can escape its sandboxing. @ http://localhost:5179/node_modules/.vite/worker/webWorkerExtensionHostIframe.html?vscode-coi=3&parentOrigin=http%3A%2F%2Flocalhost%3A5179&vscodeWebWorkerExtHostId=8002d27b-a4f5-4d9b-9008-3affd78c84b7:0
[ 1124690ms] [WARNING] The next HMR update will cause the page to reload @ http://localhost:5179/node_modules/@sveltejs/kit/src/runtime/client/client.js?v=3d20f207:3207
[ 1124690ms] [ERROR] SvelteKitError: Not found: /node_modules/.vite/worker/webWorkerExtensionHostIframe.html
    at navigate (http://localhost:5179/node_modules/@sveltejs/kit/src/runtime/client/client.js?v=3d20f207:1600:24)
    at async Module.start (http://localhost:5179/node_modules/@sveltejs/kit/src/runtime/client/client.js?v=3d20f207:363:3) @ http://localhost:5179/@fs/Users/guilhem/Devel/windmill/wt-agent-6/frontend/.svelte-kit/generated/client/app.js:176
[ 1132887ms] [ERROR] Failed to load resource: the server responded with a status of 404 (Not Found) @ http://localhost:5179/node_modules/.vite/worker/webWorkerExtensionHostIframe.html?vscode-coi=3&parentOrigin=http%3A%2F%2Flocalhost%3A5179&vscodeWebWorkerExtHostId=8002d27b-a4f5-4d9b-9008-3affd78c84b7:0
[ 1132888ms] [WARNING] An iframe which has both allow-scripts and allow-same-origin for its sandbox attribute can escape its sandboxing. @ http://localhost:5179/node_modules/.vite/worker/webWorkerExtensionHostIframe.html?vscode-coi=3&parentOrigin=http%3A%2F%2Flocalhost%3A5179&vscodeWebWorkerExtHostId=8002d27b-a4f5-4d9b-9008-3affd78c84b7:0
[ 1133028ms] [WARNING] The next HMR update will cause the page to reload @ http://localhost:5179/node_modules/@sveltejs/kit/src/runtime/client/client.js?v=3d20f207:3207
[ 1133028ms] [ERROR] SvelteKitError: Not found: /node_modules/.vite/worker/webWorkerExtensionHostIframe.html
    at navigate (http://localhost:5179/node_modules/@sveltejs/kit/src/runtime/client/client.js?v=3d20f207:1600:24)
    at async Module.start (http://localhost:5179/node_modules/@sveltejs/kit/src/runtime/client/client.js?v=3d20f207:363:3) @ http://localhost:5179/@fs/Users/guilhem/Devel/windmill/wt-agent-6/frontend/.svelte-kit/generated/client/app.js:176
[ 1137463ms] [ERROR] Failed to load resource: the server responded with a status of 404 (Not Found) @ http://localhost:5179/node_modules/.vite/worker/webWorkerExtensionHostIframe.html?vscode-coi=3&parentOrigin=http%3A%2F%2Flocalhost%3A5179&vscodeWebWorkerExtHostId=8002d27b-a4f5-4d9b-9008-3affd78c84b7:0
[ 1137463ms] [WARNING] An iframe which has both allow-scripts and allow-same-origin for its sandbox attribute can escape its sandboxing. @ http://localhost:5179/node_modules/.vite/worker/webWorkerExtensionHostIframe.html?vscode-coi=3&parentOrigin=http%3A%2F%2Flocalhost%3A5179&vscodeWebWorkerExtHostId=8002d27b-a4f5-4d9b-9008-3affd78c84b7:0
[ 1137567ms] [WARNING] The next HMR update will cause the page to reload @ http://localhost:5179/node_modules/@sveltejs/kit/src/runtime/client/client.js?v=3d20f207:3207
[ 1137567ms] [ERROR] SvelteKitError: Not found: /node_modules/.vite/worker/webWorkerExtensionHostIframe.html
    at navigate (http://localhost:5179/node_modules/@sveltejs/kit/src/runtime/client/client.js?v=3d20f207:1600:24)
    at async Module.start (http://localhost:5179/node_modules/@sveltejs/kit/src/runtime/client/client.js?v=3d20f207:363:3) @ http://localhost:5179/@fs/Users/guilhem/Devel/windmill/wt-agent-6/frontend/.svelte-kit/generated/client/app.js:176
[ 1144327ms] [ERROR] Failed to load resource: the server responded with a status of 404 (Not Found) @ http://localhost:5179/node_modules/.vite/worker/webWorkerExtensionHostIframe.html?vscode-coi=3&parentOrigin=http%3A%2F%2Flocalhost%3A5179&vscodeWebWorkerExtHostId=8002d27b-a4f5-4d9b-9008-3affd78c84b7:0
[ 1144329ms] [WARNING] An iframe which has both allow-scripts and allow-same-origin for its sandbox attribute can escape its sandboxing. @ http://localhost:5179/node_modules/.vite/worker/webWorkerExtensionHostIframe.html?vscode-coi=3&parentOrigin=http%3A%2F%2Flocalhost%3A5179&vscodeWebWorkerExtHostId=8002d27b-a4f5-4d9b-9008-3affd78c84b7:0
[ 1144434ms] [WARNING] The next HMR update will cause the page to reload @ http://localhost:5179/node_modules/@sveltejs/kit/src/runtime/client/client.js?v=3d20f207:3207
[ 1144434ms] [ERROR] SvelteKitError: Not found: /node_modules/.vite/worker/webWorkerExtensionHostIframe.html
    at navigate (http://localhost:5179/node_modules/@sveltejs/kit/src/runtime/client/client.js?v=3d20f207:1600:24)
    at async Module.start (http://localhost:5179/node_modules/@sveltejs/kit/src/runtime/client/client.js?v=3d20f207:363:3) @ http://localhost:5179/@fs/Users/guilhem/Devel/windmill/wt-agent-6/frontend/.svelte-kit/generated/client/app.js:176
[ 1148311ms] [ERROR] Failed to load resource: the server responded with a status of 404 (Not Found) @ http://localhost:5179/node_modules/.vite/worker/webWorkerExtensionHostIframe.html?vscode-coi=3&parentOrigin=http%3A%2F%2Flocalhost%3A5179&vscodeWebWorkerExtHostId=8002d27b-a4f5-4d9b-9008-3affd78c84b7:0
[ 1148313ms] [WARNING] An iframe which has both allow-scripts and allow-same-origin for its sandbox attribute can escape its sandboxing. @ http://localhost:5179/node_modules/.vite/worker/webWorkerExtensionHostIframe.html?vscode-coi=3&parentOrigin=http%3A%2F%2Flocalhost%3A5179&vscodeWebWorkerExtHostId=8002d27b-a4f5-4d9b-9008-3affd78c84b7:0
[ 1148681ms] [WARNING] The next HMR update will cause the page to reload @ http://localhost:5179/node_modules/@sveltejs/kit/src/runtime/client/client.js?v=3d20f207:3207
[ 1148681ms] [ERROR] SvelteKitError: Not found: /node_modules/.vite/worker/webWorkerExtensionHostIframe.html
    at navigate (http://localhost:5179/node_modules/@sveltejs/kit/src/runtime/client/client.js?v=3d20f207:1600:24)
    at async Module.start (http://localhost:5179/node_modules/@sveltejs/kit/src/runtime/client/client.js?v=3d20f207:363:3) @ http://localhost:5179/@fs/Users/guilhem/Devel/windmill/wt-agent-6/frontend/.svelte-kit/generated/client/app.js:176
[ 1148863ms] ReferenceError: maximizeSubflow is not defined

	in <unknown>
	in MapItem.svelte
	in ContextMenu.svelte
	in NodeWrapper.svelte
	in ModuleNode.svelte
	in NodeWrapper.svelte
	in NodeRenderer.svelte
	in Viewport.svelte
	in Pane.svelte
	in Zoom.svelte
	in Wrapper.svelte
	in SvelteFlow.svelte
	in SvelteFlowProvider.svelte
	in FlowGraphV2.svelte
	in FlowModuleSchemaMap.svelte
	in Pane.svelte
	in Splitpanes.svelte
	in FlowEditor.svelte
	in FlowBuilder.svelte
	in +page.svelte
	in Pane.svelte
	in Splitpanes.svelte
	in AiChatLayout.svelte
	in +layout.svelte
	in +layout.svelte
	in +layout.svelte
	in root.svelte

    at $.add_svelte_meta.componentTag (http://localhost:5179/src/lib/components/flows/map/MapItem.svelte?t=1772456595841:706:14)
    at Module.add_svelte_meta (http://localhost:5179/node_modules/.vite/deps/events-B_Dxim5Q.js?v=3d20f207:899:10)
    at alternate (http://localhost:5179/src/lib/components/flows/map/MapItem.svelte?t=1772456595841:626:13)
    at http://localhost:5179/node_modules/.vite/deps/client-D9ElqHrt.js?v=3d20f207:894:50
    at update_reaction (http://localhost:5179/node_modules/.vite/deps/events-B_Dxim5Q.js?v=3d20f207:3721:16)
    at update_effect (http://localhost:5179/node_modules/.vite/deps/events-B_Dxim5Q.js?v=3d20f207:3816:20)
    at create_effect (http://localhost:5179/node_modules/.vite/deps/events-B_Dxim5Q.js?v=3d20f207:3163:3)
    at branch (http://localhost:5179/node_modules/.vite/deps/events-B_Dxim5Q.js?v=3d20f207:3345:9)
    at update_branch (http://localhost:5179/node_modules/.vite/deps/client-D9ElqHrt.js?v=3d20f207:894:37)
    at set_branch (http://localhost:5179/node_modules/.vite/deps/client-D9ElqHrt.js?v=3d20f207:856:3)
[ 1211953ms] [WARNING] %c[svelte] binding_property_non_reactive
%c`bind:value={args[argName]}` (src/lib/components/SchemaForm.svelte:269:9) is binding to a non-reactive property
https://svelte.dev/e/binding_property_non_reactive font-weight: bold font-weight: normal @ http://localhost:5177/node_modules/@sveltejs/kit/src/runtime/client/client.js?v=9236a7f9:3207
[ 1211969ms] [WARNING] %c[svelte] binding_property_non_reactive
%c`bind:value={args[argName]}` (src/lib/components/SchemaForm.svelte:269:9) is binding to a non-reactive property
https://svelte.dev/e/binding_property_non_reactive font-weight: bold font-weight: normal @ http://localhost:5177/node_modules/@sveltejs/kit/src/runtime/client/client.js?v=9236a7f9:3207
[ 1211970ms] [WARNING] %c[svelte] binding_property_non_reactive
%c`bind:value={args[argName]}` (src/lib/components/SchemaForm.svelte:269:9) is binding to a non-reactive property
https://svelte.dev/e/binding_property_non_reactive font-weight: bold font-weight: normal @ http://localhost:5177/node_modules/@sveltejs/kit/src/runtime/client/client.js?v=9236a7f9:3207
[ 1212022ms] [WARNING] Splitpanes: Could not resize panes correctly due to their constraints. @ http://localhost:5177/node_modules/@sveltejs/kit/src/runtime/client/client.js?v=9236a7f9:3207
[ 1212432ms] [ERROR] Failed to load resource: the server responded with a status of 404 (Not Found) @ http://localhost:5177/node_modules/.vite/worker/webWorkerExtensionHostIframe.html?vscode-coi=3&parentOrigin=http%3A%2F%2Flocalhost%3A5177&vscodeWebWorkerExtHostId=fcf8a26e-3394-4351-8bbb-636eb8587c9f:0
[ 1212432ms] [WARNING] An iframe which has both allow-scripts and allow-same-origin for its sandbox attribute can escape its sandboxing. @ http://localhost:5177/node_modules/.vite/worker/webWorkerExtensionHostIframe.html?vscode-coi=3&parentOrigin=http%3A%2F%2Flocalhost%3A5177&vscodeWebWorkerExtHostId=fcf8a26e-3394-4351-8bbb-636eb8587c9f:0
[ 1212630ms] [WARNING] Could not create web worker(s). Falling back to loading web worker code in main thread, which might cause UI freezes. Please see https://github.com/microsoft/monaco-editor#faq @ http://localhost:5177/node_modules/@sveltejs/kit/src/runtime/client/client.js?v=9236a7f9:3207
[ 1212630ms] [WARNING] Unimplemented worker editorWorkerService (workerMain.js) @ http://localhost:5177/node_modules/@sveltejs/kit/src/runtime/client/client.js?v=9236a7f9:3207
[ 1212685ms] [WARNING] The next HMR update will cause the page to reload @ http://localhost:5177/node_modules/@sveltejs/kit/src/runtime/client/client.js?v=9236a7f9:3207
[ 1212685ms] [ERROR] SvelteKitError: Not found: /node_modules/.vite/worker/webWorkerExtensionHostIframe.html
    at navigate (http://localhost:5177/node_modules/@sveltejs/kit/src/runtime/client/client.js?v=9236a7f9:1600:24)
    at async Module.start (http://localhost:5177/node_modules/@sveltejs/kit/src/runtime/client/client.js?v=9236a7f9:363:3) @ http://localhost:5177/@fs/Users/guilhem/Devel/windmill/wt-agent-4/frontend/.svelte-kit/generated/client/app.js:178
[ 1223087ms] [WARNING] %c[svelte] state_snapshot_uncloneable
%cThe following properties cannot be cloned with `$state.snapshot` — the return value contains the originals:

- <value>[0].data.eventHandlers.deleteBranch
- <value>[0].data.eventHandlers.insert
- <value>[0].data.eventHandlers.select
- <value>[0].data.eventHandlers.changeId
- <value>[0].data.eventHandlers.delete
- <value>[0].data.eventHandlers.newBranch
- <value>[0].data.eventHandlers.move
- ...and 12 more
https://svelte.dev/e/state_snapshot_uncloneable font-weight: bold font-weight: normal @ http://localhost:5177/node_modules/@sveltejs/kit/src/runtime/client/client.js?v=9236a7f9:3207
[ 1239132ms] [WARNING] %c[svelte] state_snapshot_uncloneable
%cThe following properties cannot be cloned with `$state.snapshot` — the return value contains the originals:

- <value>[0].data.eventHandlers.deleteBranch
- <value>[0].data.eventHandlers.insert
- <value>[0].data.eventHandlers.select
- <value>[0].data.eventHandlers.changeId
- <value>[0].data.eventHandlers.delete
- <value>[0].data.eventHandlers.newBranch
- <value>[0].data.eventHandlers.move
- ...and 12 more
https://svelte.dev/e/state_snapshot_uncloneable font-weight: bold font-weight: normal @ http://localhost:5177/node_modules/@sveltejs/kit/src/runtime/client/client.js?v=9236a7f9:3207
[ 1272259ms] [WARNING] The Web Worker Extension Host did not start in 60s, that might be a problem. @ http://localhost:5177/node_modules/@sveltejs/kit/src/runtime/client/client.js?v=9236a7f9:3207
[ 1285803ms] [ERROR] Failed to load resource: the server responded with a status of 404 (Not Found) @ http://localhost:5177/node_modules/.vite/worker/webWorkerExtensionHostIframe.html?vscode-coi=3&parentOrigin=http%3A%2F%2Flocalhost%3A5177&vscodeWebWorkerExtHostId=fcf8a26e-3394-4351-8bbb-636eb8587c9f:0
[ 1285803ms] [WARNING] An iframe which has both allow-scripts and allow-same-origin for its sandbox attribute can escape its sandboxing. @ http://localhost:5177/node_modules/.vite/worker/webWorkerExtensionHostIframe.html?vscode-coi=3&parentOrigin=http%3A%2F%2Flocalhost%3A5177&vscodeWebWorkerExtHostId=fcf8a26e-3394-4351-8bbb-636eb8587c9f:0
[ 1288577ms] [WARNING] The next HMR update will cause the page to reload @ http://localhost:5177/node_modules/@sveltejs/kit/src/runtime/client/client.js?v=9236a7f9:3207
[ 1288577ms] [ERROR] SvelteKitError: Not found: /node_modules/.vite/worker/webWorkerExtensionHostIframe.html
    at navigate (http://localhost:5177/node_modules/@sveltejs/kit/src/runtime/client/client.js?v=9236a7f9:1600:24)
    at async Module.start (http://localhost:5177/node_modules/@sveltejs/kit/src/runtime/client/client.js?v=9236a7f9:363:3) @ http://localhost:5177/@fs/Users/guilhem/Devel/windmill/wt-agent-4/frontend/.svelte-kit/generated/client/app.js:178
