[    3533ms] [WARNING] using deprecated parameters for the initialization function; pass a single object instead @ http://localhost:5179/node_modules/@sveltejs/kit/src/runtime/client/client.js?v=3d20f207:3207
[    3534ms] [WARNING] using deprecated parameters for the initialization function; pass a single object instead @ http://localhost:5179/node_modules/@sveltejs/kit/src/runtime/client/client.js?v=3d20f207:3207
[    3534ms] [WARNING] using deprecated parameters for the initialization function; pass a single object instead @ http://localhost:5179/node_modules/@sveltejs/kit/src/runtime/client/client.js?v=3d20f207:3207
[    3535ms] [WARNING] using deprecated parameters for the initialization function; pass a single object instead @ http://localhost:5179/node_modules/@sveltejs/kit/src/runtime/client/client.js?v=3d20f207:3207
[    3638ms] [ERROR] Failed to load resource: the server responded with a status of 404 (Not Found) @ http://localhost:5179/api/w/testing/scripts/get/p/f/billing/stripe_subscription_details:0
[    3638ms] [ERROR] Failed to load resource: the server responded with a status of 404 (Not Found) @ http://localhost:5179/api/w/testing/scripts/get/p/f/billing/db/query_customer_service_db:0
[    3638ms] [ERROR] Failed to load resource: the server responded with a status of 404 (Not Found) @ http://localhost:5179/api/w/testing/scripts/get/p/f/billing/preview_subscription_change/b:0
[    3813ms] [ERROR] Failed to load resource: the server responded with a status of 404 (Not Found) @ http://localhost:5179/api/w/testing/scripts/get/p/f/billing/db/query_customer_service_db:0
[    3814ms] [ERROR] Failed to load resource: the server responded with a status of 404 (Not Found) @ http://localhost:5179/api/w/testing/scripts/get/p/f/bd/send_emails_customer_db/h:0
[    3816ms] [ERROR] Failed to load resource: the server responded with a status of 404 (Not Found) @ http://localhost:5179/api/w/testing/scripts/get/p/f/all/send_discord_thread_automatically_split_message:0
[    3822ms] [ERROR] Failed to load resource: the server responded with a status of 404 (Not Found) @ http://localhost:5179/api/w/testing/scripts/get/p/f/billing/db/query_customer_service_db:0
[    3827ms] [ERROR] Failed to load resource: the server responded with a status of 404 (Not Found) @ http://localhost:5179/api/w/testing/scripts/get/p/f/billing/db/query_customer_service_db:0
[   46350ms] [WARNING] %c[svelte] state_snapshot_uncloneable
%cThe following properties cannot be cloned with `$state.snapshot` — the return value contains the originals:

- <value>[0].data.eventHandlers.deleteBranch
- <value>[0].data.eventHandlers.insert
- <value>[0].data.eventHandlers.select
- <value>[0].data.eventHandlers.changeId
- <value>[0].data.eventHandlers.delete
- <value>[0].data.eventHandlers.newBranch
- <value>[0].data.eventHandlers.move
- ...and 12 more
https://svelte.dev/e/state_snapshot_uncloneable font-weight: bold font-weight: normal @ http://localhost:5179/node_modules/@sveltejs/kit/src/runtime/client/client.js?v=3d20f207:3207
[  112721ms] [WARNING] %c[svelte] state_snapshot_uncloneable
%cThe following properties cannot be cloned with `$state.snapshot` — the return value contains the originals:

- <value>[0].data.eventHandlers.deleteBranch
- <value>[0].data.eventHandlers.insert
- <value>[0].data.eventHandlers.select
- <value>[0].data.eventHandlers.changeId
- <value>[0].data.eventHandlers.delete
- <value>[0].data.eventHandlers.newBranch
- <value>[0].data.eventHandlers.move
- ...and 12 more
https://svelte.dev/e/state_snapshot_uncloneable font-weight: bold font-weight: normal @ http://localhost:5179/node_modules/@sveltejs/kit/src/runtime/client/client.js?v=3d20f207:3207
