[12010983ms] [WARNING] using deprecated parameters for the initialization function; pass a single object instead @ http://localhost:5180/node_modules/@sveltejs/kit/src/runtime/client/client.js?v=31266866:3207
[12010984ms] [WARNING] using deprecated parameters for the initialization function; pass a single object instead @ http://localhost:5180/node_modules/@sveltejs/kit/src/runtime/client/client.js?v=31266866:3207
[12313523ms] [WARNING] Use $state.raw for nodes to prevent performance issues. @ http://localhost:5180/node_modules/@sveltejs/kit/src/runtime/client/client.js?v=31266866:3207
[12457787ms] [WARNING] using deprecated parameters for the initialization function; pass a single object instead @ http://localhost:5180/node_modules/@sveltejs/kit/src/runtime/client/client.js?v=31266866:3207
[12457790ms] [WARNING] using deprecated parameters for the initialization function; pass a single object instead @ http://localhost:5180/node_modules/@sveltejs/kit/src/runtime/client/client.js?v=31266866:3207
[12839471ms] [WARNING] using deprecated parameters for the initialization function; pass a single object instead @ http://localhost:5180/node_modules/@sveltejs/kit/src/runtime/client/client.js?v=31266866:3207
[12840286ms] [WARNING] using deprecated parameters for the initialization function; pass a single object instead @ http://localhost:5180/node_modules/@sveltejs/kit/src/runtime/client/client.js?v=31266866:3207
[12873186ms] [WARNING] using deprecated parameters for the initialization function; pass a single object instead @ http://localhost:5180/node_modules/@sveltejs/kit/src/runtime/client/client.js?v=31266866:3207
[12873186ms] [WARNING] using deprecated parameters for the initialization function; pass a single object instead @ http://localhost:5180/node_modules/@sveltejs/kit/src/runtime/client/client.js?v=31266866:3207
[13261826ms] [WARNING] using deprecated parameters for the initialization function; pass a single object instead @ http://localhost:5180/node_modules/@sveltejs/kit/src/runtime/client/client.js?v=31266866:3207
[13261827ms] [WARNING] using deprecated parameters for the initialization function; pass a single object instead @ http://localhost:5180/node_modules/@sveltejs/kit/src/runtime/client/client.js?v=31266866:3207
[13384166ms] [WARNING] Use $state.raw for nodes to prevent performance issues. @ http://localhost:5180/node_modules/@sveltejs/kit/src/runtime/client/client.js?v=31266866:3207
[13612944ms] [WARNING] using deprecated parameters for the initialization function; pass a single object instead @ http://localhost:5180/node_modules/@sveltejs/kit/src/runtime/client/client.js?v=31266866:3207
[13612946ms] [WARNING] using deprecated parameters for the initialization function; pass a single object instead @ http://localhost:5180/node_modules/@sveltejs/kit/src/runtime/client/client.js?v=31266866:3207
[13633874ms] [WARNING] using deprecated parameters for the initialization function; pass a single object instead @ http://localhost:5180/node_modules/@sveltejs/kit/src/runtime/client/client.js?v=31266866:3207
[13633876ms] [WARNING] using deprecated parameters for the initialization function; pass a single object instead @ http://localhost:5180/node_modules/@sveltejs/kit/src/runtime/client/client.js?v=31266866:3207
[13651539ms] [WARNING] Use $state.raw for nodes to prevent performance issues. @ http://localhost:5180/node_modules/@sveltejs/kit/src/runtime/client/client.js?v=31266866:3207
[14212062ms] [WARNING] using deprecated parameters for the initialization function; pass a single object instead @ http://localhost:5180/node_modules/@sveltejs/kit/src/runtime/client/client.js?v=31266866:3207
[14212063ms] [WARNING] using deprecated parameters for the initialization function; pass a single object instead @ http://localhost:5180/node_modules/@sveltejs/kit/src/runtime/client/client.js?v=31266866:3207
[14237919ms] [WARNING] using deprecated parameters for the initialization function; pass a single object instead @ http://localhost:5180/node_modules/@sveltejs/kit/src/runtime/client/client.js?v=31266866:3207
[14237920ms] [WARNING] using deprecated parameters for the initialization function; pass a single object instead @ http://localhost:5180/node_modules/@sveltejs/kit/src/runtime/client/client.js?v=31266866:3207
[15485803ms] [WARNING] using deprecated parameters for the initialization function; pass a single object instead @ http://localhost:5180/node_modules/@sveltejs/kit/src/runtime/client/client.js?v=31266866:3207
[15485804ms] [WARNING] using deprecated parameters for the initialization function; pass a single object instead @ http://localhost:5180/node_modules/@sveltejs/kit/src/runtime/client/client.js?v=31266866:3207
[15579060ms] [WARNING] using deprecated parameters for the initialization function; pass a single object instead @ http://localhost:5180/node_modules/@sveltejs/kit/src/runtime/client/client.js?v=31266866:3207
[15579061ms] [WARNING] using deprecated parameters for the initialization function; pass a single object instead @ http://localhost:5180/node_modules/@sveltejs/kit/src/runtime/client/client.js?v=31266866:3207
[17381899ms] [ERROR] Failed to load resource: the server responded with a status of 404 (Not Found) @ http://localhost:5180/src/lib/components/graph/moveManager.svelte.ts?t=1772033354930:0
[17381919ms] [ERROR] [vite] Failed to reload /src/lib/components/graph/DragGhost.svelte. This could be due to syntax errors or importing non-existent modules. (see errors above) @ http://localhost:5180/@vite/client:808
[17586527ms] [WARNING] using deprecated parameters for the initialization function; pass a single object instead @ http://localhost:5180/node_modules/@sveltejs/kit/src/runtime/client/client.js?v=31266866:3207
[17586529ms] [WARNING] using deprecated parameters for the initialization function; pass a single object instead @ http://localhost:5180/node_modules/@sveltejs/kit/src/runtime/client/client.js?v=31266866:3207
[18186037ms] [WARNING] using deprecated parameters for the initialization function; pass a single object instead @ http://localhost:5180/node_modules/@sveltejs/kit/src/runtime/client/client.js?v=31266866:3207
[18186038ms] [WARNING] using deprecated parameters for the initialization function; pass a single object instead @ http://localhost:5180/node_modules/@sveltejs/kit/src/runtime/client/client.js?v=31266866:3207
[18820591ms] [ERROR] Failed to load resource: the server responded with a status of 500 (Internal Server Error) @ http://localhost:5180/flows/edit/u/admin/agent_7_test_move?nodraft=true:0
[18820713ms] [ERROR] Failed to load resource: the server responded with a status of 500 (Internal Server Error) @ http://localhost:5180/favicon.ico:0
